
*** Running vivado
    with args -log TimeCard_TC_Timestamper_2_0.vds -m64 -product Vivado -mode batch -messageDb vivado.pb -notrace -source TimeCard_TC_Timestamper_2_0.tcl



****** Vivado v2022.1 (64-bit)
  **** SW Build 3526262 on Mon Apr 18 15:48:16 MDT 2022
  **** IP Build 3524634 on Mon Apr 18 20:55:01 MDT 2022
    ** Copyright 1986-2022 Xilinx, Inc. All Rights Reserved.

source TimeCard_TC_Timestamper_2_0.tcl -notrace
create_project: Time (s): cpu = 00:00:05 ; elapsed = 00:00:06 . Memory (MB): peak = 1282.180 ; gain = 10.414
INFO: [IP_Flow 19-234] Refreshing IP repositories
INFO: [IP_Flow 19-1700] Loaded user IP repository 'c:/Users/SHIWA/Documents/GitHub/QuantumFPGA'.
WARNING: [IP_Flow 19-3656] If you move the project, the path for repository 'c:/Users/SHIWA/Documents/GitHub/QuantumFPGA' may become invalid. A better location for the repository would be in a path adjacent to the project. (Current project location is 'c:/Users/SHIWA/Documents/GitHub/QuantumFPGA/Implementation/Xilinx/TimeCard_Production/TimeCard/TimeCard.runs/TimeCard_TC_Timestamper_2_0_synth_1'.)
INFO: [IP_Flow 19-2313] Loaded Vivado IP repository 'C:/Xilinx/Vivado/2022.1/data/ip'.
WARNING: [IP_Flow 19-4995] The host OS only allows 260 characters in a normal path. The IP cache path is more than 80 characters. If you experience issues with IP caching, please consider changing the IP cache to a location with a shorter path. Alternately consider using the OS subst command to map part of the path to a drive letter. 
Current IP cache path is c:/Users/SHIWA/Documents/GitHub/QuantumFPGA/Implementation/Xilinx/TimeCard_Production/TimeCard/TimeCard.cache/ip 
Command: synth_design -top TimeCard_TC_Timestamper_2_0 -part xc7a100tfgg484-1 -incremental_mode off -mode out_of_context
Starting synth_design
Attempting to get a license for feature 'Synthesis' and/or device 'xc7a100t'
INFO: [Common 17-349] Got license for feature 'Synthesis' and/or device 'xc7a100t'
INFO: [Device 21-403] Loading part xc7a100tfgg484-1
INFO: [Synth 8-7079] Multithreading enabled for synth_design using a maximum of 2 processes.
INFO: [Synth 8-7078] Launching helper process for spawning children vivado processes
INFO: [Synth 8-7075] Helper process launched with PID 16712
WARNING: [Synth 8-9501] generate block is allowed only inside loop and conditional generate in SystemVerilog mode [C:/Xilinx/Vivado/2022.1/data/ip/xpm/xpm_fifo/hdl/xpm_fifo.sv:4023]
---------------------------------------------------------------------------------
Starting RTL Elaboration : Time (s): cpu = 00:00:05 ; elapsed = 00:00:09 . Memory (MB): peak = 1282.180 ; gain = 0.000
---------------------------------------------------------------------------------
INFO: [Synth 8-638] synthesizing module 'TimeCard_TC_Timestamper_2_0' [c:/Users/SHIWA/Documents/GitHub/QuantumFPGA/Implementation/Xilinx/TimeCard_Production/TimeCard/TimeCard.gen/sources_1/bd/TimeCard/ip/TimeCard_TC_Timestamper_2_0/synth/TimeCard_TC_Timestamper_2_0.vhd:92]
	Parameter ClockPeriod_Gen bound to: 20 - type: integer 
	Parameter CableDelay_Gen bound to: 1 - type: bool 
	Parameter InputDelay_Gen bound to: 0 - type: integer 
	Parameter InputPolarity_Gen bound to: 1 - type: bool 
	Parameter HighResFreqMultiply_Gen bound to: 4 - type: integer 
INFO: [Synth 8-3491] module 'SignalTimestamper' declared at 'c:/Users/SHIWA/Documents/GitHub/QuantumFPGA/Implementation/Xilinx/TimeCard_Production/TimeCard/TimeCard.gen/sources_1/bd/TimeCard/ipshared/SignalTimestamper.vhd:32' bound to instance 'U0' of component 'SignalTimestamper' [c:/Users/SHIWA/Documents/GitHub/QuantumFPGA/Implementation/Xilinx/TimeCard_Production/TimeCard/TimeCard.gen/sources_1/bd/TimeCard/ip/TimeCard_TC_Timestamper_2_0/synth/TimeCard_TC_Timestamper_2_0.vhd:176]
INFO: [Synth 8-638] synthesizing module 'SignalTimestamper' [c:/Users/SHIWA/Documents/GitHub/QuantumFPGA/Implementation/Xilinx/TimeCard_Production/TimeCard/TimeCard.gen/sources_1/bd/TimeCard/ipshared/SignalTimestamper.vhd:88]
INFO: [Synth 8-226] default block is never used [c:/Users/SHIWA/Documents/GitHub/QuantumFPGA/Implementation/Xilinx/TimeCard_Production/TimeCard/TimeCard.gen/sources_1/bd/TimeCard/ipshared/SignalTimestamper.vhd:371]
INFO: [Synth 8-256] done synthesizing module 'SignalTimestamper' (0#1) [c:/Users/SHIWA/Documents/GitHub/QuantumFPGA/Implementation/Xilinx/TimeCard_Production/TimeCard/TimeCard.gen/sources_1/bd/TimeCard/ipshared/SignalTimestamper.vhd:88]
INFO: [Synth 8-256] done synthesizing module 'TimeCard_TC_Timestamper_2_0' (0#1) [c:/Users/SHIWA/Documents/GitHub/QuantumFPGA/Implementation/Xilinx/TimeCard_Production/TimeCard/TimeCard.gen/sources_1/bd/TimeCard/ip/TimeCard_TC_Timestamper_2_0/synth/TimeCard_TC_Timestamper_2_0.vhd:92]
WARNING: [Synth 8-7129] Port ClockTime_TimeJump_DatIn in module SignalTimestamper is either unconnected or has no load
WARNING: [Synth 8-7129] Port AxiWriteAddrProt_DatIn[2] in module SignalTimestamper is either unconnected or has no load
WARNING: [Synth 8-7129] Port AxiWriteAddrProt_DatIn[1] in module SignalTimestamper is either unconnected or has no load
WARNING: [Synth 8-7129] Port AxiWriteAddrProt_DatIn[0] in module SignalTimestamper is either unconnected or has no load
WARNING: [Synth 8-7129] Port AxiWriteDataData_DatIn[31] in module SignalTimestamper is either unconnected or has no load
WARNING: [Synth 8-7129] Port AxiWriteDataData_DatIn[30] in module SignalTimestamper is either unconnected or has no load
WARNING: [Synth 8-7129] Port AxiWriteDataData_DatIn[29] in module SignalTimestamper is either unconnected or has no load
WARNING: [Synth 8-7129] Port AxiWriteDataData_DatIn[28] in module SignalTimestamper is either unconnected or has no load
WARNING: [Synth 8-7129] Port AxiWriteDataData_DatIn[27] in module SignalTimestamper is either unconnected or has no load
WARNING: [Synth 8-7129] Port AxiWriteDataData_DatIn[26] in module SignalTimestamper is either unconnected or has no load
WARNING: [Synth 8-7129] Port AxiWriteDataData_DatIn[25] in module SignalTimestamper is either unconnected or has no load
WARNING: [Synth 8-7129] Port AxiWriteDataData_DatIn[24] in module SignalTimestamper is either unconnected or has no load
WARNING: [Synth 8-7129] Port AxiWriteDataData_DatIn[23] in module SignalTimestamper is either unconnected or has no load
WARNING: [Synth 8-7129] Port AxiWriteDataData_DatIn[22] in module SignalTimestamper is either unconnected or has no load
WARNING: [Synth 8-7129] Port AxiWriteDataData_DatIn[21] in module SignalTimestamper is either unconnected or has no load
WARNING: [Synth 8-7129] Port AxiWriteDataData_DatIn[20] in module SignalTimestamper is either unconnected or has no load
WARNING: [Synth 8-7129] Port AxiWriteDataData_DatIn[19] in module SignalTimestamper is either unconnected or has no load
WARNING: [Synth 8-7129] Port AxiWriteDataData_DatIn[18] in module SignalTimestamper is either unconnected or has no load
WARNING: [Synth 8-7129] Port AxiWriteDataData_DatIn[17] in module SignalTimestamper is either unconnected or has no load
WARNING: [Synth 8-7129] Port AxiWriteDataData_DatIn[16] in module SignalTimestamper is either unconnected or has no load
WARNING: [Synth 8-7129] Port AxiWriteDataStrobe_DatIn[3] in module SignalTimestamper is either unconnected or has no load
WARNING: [Synth 8-7129] Port AxiWriteDataStrobe_DatIn[2] in module SignalTimestamper is either unconnected or has no load
WARNING: [Synth 8-7129] Port AxiWriteDataStrobe_DatIn[1] in module SignalTimestamper is either unconnected or has no load
WARNING: [Synth 8-7129] Port AxiWriteDataStrobe_DatIn[0] in module SignalTimestamper is either unconnected or has no load
WARNING: [Synth 8-7129] Port AxiReadAddrProt_DatIn[2] in module SignalTimestamper is either unconnected or has no load
WARNING: [Synth 8-7129] Port AxiReadAddrProt_DatIn[1] in module SignalTimestamper is either unconnected or has no load
WARNING: [Synth 8-7129] Port AxiReadAddrProt_DatIn[0] in module SignalTimestamper is either unconnected or has no load
---------------------------------------------------------------------------------
Finished RTL Elaboration : Time (s): cpu = 00:00:07 ; elapsed = 00:00:12 . Memory (MB): peak = 1282.180 ; gain = 0.000
---------------------------------------------------------------------------------
---------------------------------------------------------------------------------
Start Handling Custom Attributes
---------------------------------------------------------------------------------
---------------------------------------------------------------------------------
Finished Handling Custom Attributes : Time (s): cpu = 00:00:07 ; elapsed = 00:00:12 . Memory (MB): peak = 1282.180 ; gain = 0.000
---------------------------------------------------------------------------------
---------------------------------------------------------------------------------
Finished RTL Optimization Phase 1 : Time (s): cpu = 00:00:07 ; elapsed = 00:00:12 . Memory (MB): peak = 1282.180 ; gain = 0.000
---------------------------------------------------------------------------------
Netlist sorting complete. Time (s): cpu = 00:00:00 ; elapsed = 00:00:00.029 . Memory (MB): peak = 1282.180 ; gain = 0.000
INFO: [Project 1-570] Preparing netlist for logic optimization

Processing XDC Constraints
Initializing timing engine
Completed Processing XDC Constraints

Netlist sorting complete. Time (s): cpu = 00:00:00 ; elapsed = 00:00:00 . Memory (MB): peak = 1302.363 ; gain = 0.000
INFO: [Project 1-111] Unisim Transformation Summary:
No Unisim elements were transformed.

Constraint Validation Runtime : Time (s): cpu = 00:00:00 ; elapsed = 00:00:00.042 . Memory (MB): peak = 1302.391 ; gain = 0.027
INFO: [Designutils 20-5008] Incremental synthesis strategy off
---------------------------------------------------------------------------------
Finished Constraint Validation : Time (s): cpu = 00:00:17 ; elapsed = 00:00:28 . Memory (MB): peak = 1302.391 ; gain = 20.211
---------------------------------------------------------------------------------
---------------------------------------------------------------------------------
Start Loading Part and Timing Information
---------------------------------------------------------------------------------
Loading part: xc7a100tfgg484-1
---------------------------------------------------------------------------------
Finished Loading Part and Timing Information : Time (s): cpu = 00:00:17 ; elapsed = 00:00:28 . Memory (MB): peak = 1302.391 ; gain = 20.211
---------------------------------------------------------------------------------
---------------------------------------------------------------------------------
Start Applying 'set_property' XDC Constraints
---------------------------------------------------------------------------------
---------------------------------------------------------------------------------
Finished applying 'set_property' XDC Constraints : Time (s): cpu = 00:00:17 ; elapsed = 00:00:28 . Memory (MB): peak = 1302.391 ; gain = 20.211
---------------------------------------------------------------------------------
INFO: [Synth 8-802] inferred FSM for state register 'Axi_AccessState_StaReg_reg' in module 'SignalTimestamper'
---------------------------------------------------------------------------------------------------
                   State |                     New Encoding |                Previous Encoding 
---------------------------------------------------------------------------------------------------
                 idle_st |                               00 |                               00
                write_st |                               01 |                               10
                 read_st |                               10 |                               01
                 resp_st |                               11 |                               11
---------------------------------------------------------------------------------------------------
INFO: [Synth 8-3354] encoded FSM with state register 'Axi_AccessState_StaReg_reg' using encoding 'sequential' in module 'SignalTimestamper'
---------------------------------------------------------------------------------
Finished RTL Optimization Phase 2 : Time (s): cpu = 00:00:18 ; elapsed = 00:00:29 . Memory (MB): peak = 1302.391 ; gain = 20.211
---------------------------------------------------------------------------------
---------------------------------------------------------------------------------
Start RTL Component Statistics 
---------------------------------------------------------------------------------
Detailed RTL Component Info : 
+---Adders : 
	   2 Input   32 Bit       Adders := 1     
	   3 Input   32 Bit       Adders := 1     
	   3 Input   31 Bit       Adders := 1     
	   2 Input   31 Bit       Adders := 1     
	   2 Input   17 Bit       Adders := 1     
+---Registers : 
	               32 Bit    Registers := 16    
	                8 Bit    Registers := 2     
	                6 Bit    Registers := 1     
	                2 Bit    Registers := 2     
	                1 Bit    Registers := 13    
+---Muxes : 
	   2 Input   32 Bit        Muxes := 12    
	   4 Input   32 Bit        Muxes := 5     
	  12 Input   32 Bit        Muxes := 1     
	   2 Input   16 Bit        Muxes := 1     
	   8 Input    6 Bit        Muxes := 1     
	  13 Input    4 Bit        Muxes := 1     
	   3 Input    2 Bit        Muxes := 1     
	   4 Input    2 Bit        Muxes := 2     
	   2 Input    2 Bit        Muxes := 5     
	  14 Input    2 Bit        Muxes := 2     
	   2 Input    1 Bit        Muxes := 21    
	  14 Input    1 Bit        Muxes := 1     
	   4 Input    1 Bit        Muxes := 13    
	   8 Input    1 Bit        Muxes := 1     
---------------------------------------------------------------------------------
Finished RTL Component Statistics 
---------------------------------------------------------------------------------
---------------------------------------------------------------------------------
Start Part Resource Summary
---------------------------------------------------------------------------------
Part Resources:
DSPs: 240 (col length:80)
BRAMs: 270 (col length: RAMB18 80 RAMB36 40)
---------------------------------------------------------------------------------
Finished Part Resource Summary
---------------------------------------------------------------------------------
---------------------------------------------------------------------------------
Start Cross Boundary and Area Optimization
---------------------------------------------------------------------------------
WARNING: [Synth 8-7080] Parallel synthesis criteria is not met
WARNING: [Synth 8-7129] Port ClockTime_TimeJump_DatIn in module TimeCard_TC_Timestamper_2_0 is either unconnected or has no load
WARNING: [Synth 8-7129] Port AxiWriteAddrProt_DatIn[2] in module TimeCard_TC_Timestamper_2_0 is either unconnected or has no load
WARNING: [Synth 8-7129] Port AxiWriteAddrProt_DatIn[1] in module TimeCard_TC_Timestamper_2_0 is either unconnected or has no load
WARNING: [Synth 8-7129] Port AxiWriteAddrProt_DatIn[0] in module TimeCard_TC_Timestamper_2_0 is either unconnected or has no load
WARNING: [Synth 8-7129] Port AxiWriteDataData_DatIn[31] in module TimeCard_TC_Timestamper_2_0 is either unconnected or has no load
WARNING: [Synth 8-7129] Port AxiWriteDataData_DatIn[30] in module TimeCard_TC_Timestamper_2_0 is either unconnected or has no load
WARNING: [Synth 8-7129] Port AxiWriteDataData_DatIn[29] in module TimeCard_TC_Timestamper_2_0 is either unconnected or has no load
WARNING: [Synth 8-7129] Port AxiWriteDataData_DatIn[28] in module TimeCard_TC_Timestamper_2_0 is either unconnected or has no load
WARNING: [Synth 8-7129] Port AxiWriteDataData_DatIn[27] in module TimeCard_TC_Timestamper_2_0 is either unconnected or has no load
WARNING: [Synth 8-7129] Port AxiWriteDataData_DatIn[26] in module TimeCard_TC_Timestamper_2_0 is either unconnected or has no load
WARNING: [Synth 8-7129] Port AxiWriteDataData_DatIn[25] in module TimeCard_TC_Timestamper_2_0 is either unconnected or has no load
WARNING: [Synth 8-7129] Port AxiWriteDataData_DatIn[24] in module TimeCard_TC_Timestamper_2_0 is either unconnected or has no load
WARNING: [Synth 8-7129] Port AxiWriteDataData_DatIn[23] in module TimeCard_TC_Timestamper_2_0 is either unconnected or has no load
WARNING: [Synth 8-7129] Port AxiWriteDataData_DatIn[22] in module TimeCard_TC_Timestamper_2_0 is either unconnected or has no load
WARNING: [Synth 8-7129] Port AxiWriteDataData_DatIn[21] in module TimeCard_TC_Timestamper_2_0 is either unconnected or has no load
WARNING: [Synth 8-7129] Port AxiWriteDataData_DatIn[20] in module TimeCard_TC_Timestamper_2_0 is either unconnected or has no load
WARNING: [Synth 8-7129] Port AxiWriteDataData_DatIn[19] in module TimeCard_TC_Timestamper_2_0 is either unconnected or has no load
WARNING: [Synth 8-7129] Port AxiWriteDataData_DatIn[18] in module TimeCard_TC_Timestamper_2_0 is either unconnected or has no load
WARNING: [Synth 8-7129] Port AxiWriteDataData_DatIn[17] in module TimeCard_TC_Timestamper_2_0 is either unconnected or has no load
WARNING: [Synth 8-7129] Port AxiWriteDataData_DatIn[16] in module TimeCard_TC_Timestamper_2_0 is either unconnected or has no load
WARNING: [Synth 8-7129] Port AxiWriteDataStrobe_DatIn[3] in module TimeCard_TC_Timestamper_2_0 is either unconnected or has no load
WARNING: [Synth 8-7129] Port AxiWriteDataStrobe_DatIn[2] in module TimeCard_TC_Timestamper_2_0 is either unconnected or has no load
WARNING: [Synth 8-7129] Port AxiWriteDataStrobe_DatIn[1] in module TimeCard_TC_Timestamper_2_0 is either unconnected or has no load
WARNING: [Synth 8-7129] Port AxiWriteDataStrobe_DatIn[0] in module TimeCard_TC_Timestamper_2_0 is either unconnected or has no load
WARNING: [Synth 8-7129] Port AxiReadAddrProt_DatIn[2] in module TimeCard_TC_Timestamper_2_0 is either unconnected or has no load
WARNING: [Synth 8-7129] Port AxiReadAddrProt_DatIn[1] in module TimeCard_TC_Timestamper_2_0 is either unconnected or has no load
WARNING: [Synth 8-7129] Port AxiReadAddrProt_DatIn[0] in module TimeCard_TC_Timestamper_2_0 is either unconnected or has no load
---------------------------------------------------------------------------------
Finished Cross Boundary and Area Optimization : Time (s): cpu = 00:00:21 ; elapsed = 00:00:35 . Memory (MB): peak = 1302.391 ; gain = 20.211
---------------------------------------------------------------------------------
---------------------------------------------------------------------------------
Start Applying XDC Timing Constraints
---------------------------------------------------------------------------------
---------------------------------------------------------------------------------
Finished Applying XDC Timing Constraints : Time (s): cpu = 00:00:26 ; elapsed = 00:00:43 . Memory (MB): peak = 1302.391 ; gain = 20.211
---------------------------------------------------------------------------------
---------------------------------------------------------------------------------
Start Timing Optimization
---------------------------------------------------------------------------------
---------------------------------------------------------------------------------
Finished Timing Optimization : Time (s): cpu = 00:00:26 ; elapsed = 00:00:44 . Memory (MB): peak = 1302.391 ; gain = 20.211
---------------------------------------------------------------------------------
---------------------------------------------------------------------------------
Start Technology Mapping
---------------------------------------------------------------------------------
---------------------------------------------------------------------------------
Finished Technology Mapping : Time (s): cpu = 00:00:27 ; elapsed = 00:00:44 . Memory (MB): peak = 1302.391 ; gain = 20.211
---------------------------------------------------------------------------------
---------------------------------------------------------------------------------
Start IO Insertion
---------------------------------------------------------------------------------
---------------------------------------------------------------------------------
Start Flattening Before IO Insertion
---------------------------------------------------------------------------------
---------------------------------------------------------------------------------
Finished Flattening Before IO Insertion
---------------------------------------------------------------------------------
---------------------------------------------------------------------------------
Start Final Netlist Cleanup
---------------------------------------------------------------------------------
---------------------------------------------------------------------------------
Finished Final Netlist Cleanup
---------------------------------------------------------------------------------
---------------------------------------------------------------------------------
Finished IO Insertion : Time (s): cpu = 00:00:31 ; elapsed = 00:00:51 . Memory (MB): peak = 1302.391 ; gain = 20.211
---------------------------------------------------------------------------------
---------------------------------------------------------------------------------
Start Renaming Generated Instances
---------------------------------------------------------------------------------
---------------------------------------------------------------------------------
Finished Renaming Generated Instances : Time (s): cpu = 00:00:31 ; elapsed = 00:00:51 . Memory (MB): peak = 1302.391 ; gain = 20.211
---------------------------------------------------------------------------------
---------------------------------------------------------------------------------
Start Rebuilding User Hierarchy
---------------------------------------------------------------------------------
---------------------------------------------------------------------------------
Finished Rebuilding User Hierarchy : Time (s): cpu = 00:00:31 ; elapsed = 00:00:51 . Memory (MB): peak = 1302.391 ; gain = 20.211
---------------------------------------------------------------------------------
---------------------------------------------------------------------------------
Start Renaming Generated Ports
---------------------------------------------------------------------------------
---------------------------------------------------------------------------------
Finished Renaming Generated Ports : Time (s): cpu = 00:00:31 ; elapsed = 00:00:51 . Memory (MB): peak = 1302.391 ; gain = 20.211
---------------------------------------------------------------------------------
---------------------------------------------------------------------------------
Start Handling Custom Attributes
---------------------------------------------------------------------------------
---------------------------------------------------------------------------------
Finished Handling Custom Attributes : Time (s): cpu = 00:00:31 ; elapsed = 00:00:51 . Memory (MB): peak = 1302.391 ; gain = 20.211
---------------------------------------------------------------------------------
---------------------------------------------------------------------------------
Start Renaming Generated Nets
---------------------------------------------------------------------------------
---------------------------------------------------------------------------------
Finished Renaming Generated Nets : Time (s): cpu = 00:00:31 ; elapsed = 00:00:51 . Memory (MB): peak = 1302.391 ; gain = 20.211
---------------------------------------------------------------------------------
---------------------------------------------------------------------------------
Start ROM, RAM, DSP, Shift Register and Retiming Reporting
---------------------------------------------------------------------------------

Static Shift Register Report:
+----------------------------+-----------------------------------------+--------+-------+--------------+--------------------+-------------------+--------+---------+
|Module Name                 | RTL Name                                | Length | Width | Reset Signal | Pull out first Reg | Pull out last Reg | SRL16E | SRLC32E | 
+----------------------------+-----------------------------------------+--------+-------+--------------+--------------------+-------------------+--------+---------+
|TimeCard_TC_Timestamper_2_0 | U0/TimestampSysClkNx_EvtShiftReg_reg[1] | 4      | 1     | NO           | NO                 | YES               | 1      | 0       | 
+----------------------------+-----------------------------------------+--------+-------+--------------+--------------------+-------------------+--------+---------+

---------------------------------------------------------------------------------
Finished ROM, RAM, DSP, Shift Register and Retiming Reporting
---------------------------------------------------------------------------------
---------------------------------------------------------------------------------
Start Writing Synthesis Report
---------------------------------------------------------------------------------

Report BlackBoxes: 
+-+--------------+----------+
| |BlackBox name |Instances |
+-+--------------+----------+
+-+--------------+----------+

Report Cell Usage: 
+------+-------+------+
|      |Cell   |Count |
+------+-------+------+
|1     |CARRY4 |    55|
|2     |LUT1   |    73|
|3     |LUT2   |   138|
|4     |LUT3   |    60|
|5     |LUT4   |    79|
|6     |LUT5   |    42|
|7     |LUT6   |    62|
|8     |SRL16E |     1|
|9     |FDCE   |   357|
|10    |FDPE   |     1|
|11    |FDRE   |    18|
+------+-------+------+
---------------------------------------------------------------------------------
Finished Writing Synthesis Report : Time (s): cpu = 00:00:31 ; elapsed = 00:00:51 . Memory (MB): peak = 1302.391 ; gain = 20.211
---------------------------------------------------------------------------------
Synthesis finished with 0 errors, 0 critical warnings and 28 warnings.
Synthesis Optimization Runtime : Time (s): cpu = 00:00:23 ; elapsed = 00:00:48 . Memory (MB): peak = 1302.391 ; gain = 0.000
Synthesis Optimization Complete : Time (s): cpu = 00:00:31 ; elapsed = 00:00:51 . Memory (MB): peak = 1302.391 ; gain = 20.211
INFO: [Project 1-571] Translating synthesized netlist
Netlist sorting complete. Time (s): cpu = 00:00:00 ; elapsed = 00:00:00.016 . Memory (MB): peak = 1302.391 ; gain = 0.000
INFO: [Netlist 29-17] Analyzing 55 Unisim elements for replacement
INFO: [Netlist 29-28] Unisim Transformation completed in 0 CPU seconds
INFO: [Project 1-570] Preparing netlist for logic optimization
INFO: [Opt 31-138] Pushed 0 inverter(s) to 0 load pin(s).
Netlist sorting complete. Time (s): cpu = 00:00:00 ; elapsed = 00:00:00.001 . Memory (MB): peak = 1303.555 ; gain = 0.000
INFO: [Project 1-111] Unisim Transformation Summary:
No Unisim elements were transformed.

Synth Design complete, checksum: 59350d8e
INFO: [Common 17-83] Releasing license: Synthesis
26 Infos, 58 Warnings, 0 Critical Warnings and 0 Errors encountered.
synth_design completed successfully
synth_design: Time (s): cpu = 00:00:34 ; elapsed = 00:00:58 . Memory (MB): peak = 1303.555 ; gain = 21.375
INFO: [Common 17-1381] The checkpoint 'C:/Users/SHIWA/Documents/GitHub/QuantumFPGA/Implementation/Xilinx/TimeCard_Production/TimeCard/TimeCard.runs/TimeCard_TC_Timestamper_2_0_synth_1/TimeCard_TC_Timestamper_2_0.dcp' has been generated.
INFO: [Common 17-1381] The checkpoint 'C:/Users/SHIWA/Documents/GitHub/QuantumFPGA/Implementation/Xilinx/TimeCard_Production/TimeCard/TimeCard.runs/TimeCard_TC_Timestamper_2_0_synth_1/TimeCard_TC_Timestamper_2_0.dcp' has been generated.
INFO: [runtcl-4] Executing : report_utilization -file TimeCard_TC_Timestamper_2_0_utilization_synth.rpt -pb TimeCard_TC_Timestamper_2_0_utilization_synth.pb
INFO: [Common 17-206] Exiting Vivado at Sat Sep 27 19:54:11 2025...
