
*** Running vivado
    with args -log TimeCard_TC_AdjustableClock_0_0.vds -m64 -product Vivado -mode batch -messageDb vivado.pb -notrace -source TimeCard_TC_AdjustableClock_0_0.tcl



****** Vivado v2022.1 (64-bit)
  **** SW Build 3526262 on Mon Apr 18 15:48:16 MDT 2022
  **** IP Build 3524634 on Mon Apr 18 20:55:01 MDT 2022
    ** Copyright 1986-2022 Xilinx, Inc. All Rights Reserved.

source TimeCard_TC_AdjustableClock_0_0.tcl -notrace
create_project: Time (s): cpu = 00:00:05 ; elapsed = 00:00:06 . Memory (MB): peak = 1282.766 ; gain = 9.004
INFO: [IP_Flow 19-234] Refreshing IP repositories
INFO: [IP_Flow 19-1700] Loaded user IP repository 'c:/Users/SHIWA/Documents/GitHub/QuantumFPGA'.
WARNING: [IP_Flow 19-3656] If you move the project, the path for repository 'c:/Users/SHIWA/Documents/GitHub/QuantumFPGA' may become invalid. A better location for the repository would be in a path adjacent to the project. (Current project location is 'c:/Users/SHIWA/Documents/GitHub/QuantumFPGA/Implementation/Xilinx/TimeCard_Production/TimeCard/TimeCard.runs/TimeCard_TC_AdjustableClock_0_0_synth_1'.)
INFO: [IP_Flow 19-2313] Loaded Vivado IP repository 'C:/Xilinx/Vivado/2022.1/data/ip'.
WARNING: [IP_Flow 19-4995] The host OS only allows 260 characters in a normal path. The IP cache path is more than 80 characters. If you experience issues with IP caching, please consider changing the IP cache to a location with a shorter path. Alternately consider using the OS subst command to map part of the path to a drive letter. 
Current IP cache path is c:/Users/SHIWA/Documents/GitHub/QuantumFPGA/Implementation/Xilinx/TimeCard_Production/TimeCard/TimeCard.cache/ip 
Command: synth_design -top TimeCard_TC_AdjustableClock_0_0 -part xc7a100tfgg484-1 -incremental_mode off -mode out_of_context
Starting synth_design
Attempting to get a license for feature 'Synthesis' and/or device 'xc7a100t'
INFO: [Common 17-349] Got license for feature 'Synthesis' and/or device 'xc7a100t'
INFO: [Device 21-403] Loading part xc7a100tfgg484-1
INFO: [Synth 8-7079] Multithreading enabled for synth_design using a maximum of 2 processes.
INFO: [Synth 8-7078] Launching helper process for spawning children vivado processes
INFO: [Synth 8-7075] Helper process launched with PID 19536
WARNING: [Synth 8-9501] generate block is allowed only inside loop and conditional generate in SystemVerilog mode [C:/Xilinx/Vivado/2022.1/data/ip/xpm/xpm_fifo/hdl/xpm_fifo.sv:4023]
---------------------------------------------------------------------------------
Starting RTL Elaboration : Time (s): cpu = 00:00:06 ; elapsed = 00:00:08 . Memory (MB): peak = 1282.766 ; gain = 0.000
---------------------------------------------------------------------------------
INFO: [Synth 8-638] synthesizing module 'TimeCard_TC_AdjustableClock_0_0' [c:/Users/SHIWA/Documents/GitHub/QuantumFPGA/Implementation/Xilinx/TimeCard_Production/TimeCard/TimeCard.gen/sources_1/bd/TimeCard/ip/TimeCard_TC_AdjustableClock_0_0/synth/TimeCard_TC_AdjustableClock_0_0.vhd:156]
	Parameter ClockPeriod_Gen bound to: 20 - type: integer 
	Parameter ClockInSyncThreshold_Gen bound to: 500 - type: integer 
	Parameter ClockInHoldoverTimeoutSecond_Gen bound to: 3 - type: integer 
INFO: [Synth 8-3491] module 'AdjustableClock' declared at 'c:/Users/SHIWA/Documents/GitHub/QuantumFPGA/Implementation/Xilinx/TimeCard_Production/TimeCard/TimeCard.gen/sources_1/bd/TimeCard/ipshared/AdjustableClock.vhd:34' bound to instance 'U0' of component 'AdjustableClock' [c:/Users/SHIWA/Documents/GitHub/QuantumFPGA/Implementation/Xilinx/TimeCard_Production/TimeCard/TimeCard.gen/sources_1/bd/TimeCard/ip/TimeCard_TC_AdjustableClock_0_0/synth/TimeCard_TC_AdjustableClock_0_0.vhd:363]
INFO: [Synth 8-638] synthesizing module 'AdjustableClock' [c:/Users/SHIWA/Documents/GitHub/QuantumFPGA/Implementation/Xilinx/TimeCard_Production/TimeCard/TimeCard.gen/sources_1/bd/TimeCard/ipshared/AdjustableClock.vhd:178]
INFO: [Synth 8-226] default block is never used [c:/Users/SHIWA/Documents/GitHub/QuantumFPGA/Implementation/Xilinx/TimeCard_Production/TimeCard/TimeCard.gen/sources_1/bd/TimeCard/ipshared/AdjustableClock.vhd:1032]
INFO: [Synth 8-256] done synthesizing module 'AdjustableClock' (0#1) [c:/Users/SHIWA/Documents/GitHub/QuantumFPGA/Implementation/Xilinx/TimeCard_Production/TimeCard/TimeCard.gen/sources_1/bd/TimeCard/ipshared/AdjustableClock.vhd:178]
INFO: [Synth 8-256] done synthesizing module 'TimeCard_TC_AdjustableClock_0_0' (0#1) [c:/Users/SHIWA/Documents/GitHub/QuantumFPGA/Implementation/Xilinx/TimeCard_Production/TimeCard/TimeCard.gen/sources_1/bd/TimeCard/ip/TimeCard_TC_AdjustableClock_0_0/synth/TimeCard_TC_AdjustableClock_0_0.vhd:156]
WARNING: [Synth 8-7129] Port AxiWriteAddrProt_DatIn[2] in module AdjustableClock is either unconnected or has no load
WARNING: [Synth 8-7129] Port AxiWriteAddrProt_DatIn[1] in module AdjustableClock is either unconnected or has no load
WARNING: [Synth 8-7129] Port AxiWriteAddrProt_DatIn[0] in module AdjustableClock is either unconnected or has no load
WARNING: [Synth 8-7129] Port AxiWriteDataStrobe_DatIn[3] in module AdjustableClock is either unconnected or has no load
WARNING: [Synth 8-7129] Port AxiWriteDataStrobe_DatIn[2] in module AdjustableClock is either unconnected or has no load
WARNING: [Synth 8-7129] Port AxiWriteDataStrobe_DatIn[1] in module AdjustableClock is either unconnected or has no load
WARNING: [Synth 8-7129] Port AxiWriteDataStrobe_DatIn[0] in module AdjustableClock is either unconnected or has no load
WARNING: [Synth 8-7129] Port AxiReadAddrProt_DatIn[2] in module AdjustableClock is either unconnected or has no load
WARNING: [Synth 8-7129] Port AxiReadAddrProt_DatIn[1] in module AdjustableClock is either unconnected or has no load
WARNING: [Synth 8-7129] Port AxiReadAddrProt_DatIn[0] in module AdjustableClock is either unconnected or has no load
---------------------------------------------------------------------------------
Finished RTL Elaboration : Time (s): cpu = 00:00:08 ; elapsed = 00:00:12 . Memory (MB): peak = 1282.766 ; gain = 0.000
---------------------------------------------------------------------------------
---------------------------------------------------------------------------------
Start Handling Custom Attributes
---------------------------------------------------------------------------------
---------------------------------------------------------------------------------
Finished Handling Custom Attributes : Time (s): cpu = 00:00:08 ; elapsed = 00:00:12 . Memory (MB): peak = 1282.766 ; gain = 0.000
---------------------------------------------------------------------------------
---------------------------------------------------------------------------------
Finished RTL Optimization Phase 1 : Time (s): cpu = 00:00:08 ; elapsed = 00:00:12 . Memory (MB): peak = 1282.766 ; gain = 0.000
---------------------------------------------------------------------------------
Netlist sorting complete. Time (s): cpu = 00:00:00 ; elapsed = 00:00:00.130 . Memory (MB): peak = 1282.766 ; gain = 0.000
INFO: [Project 1-570] Preparing netlist for logic optimization

Processing XDC Constraints
Initializing timing engine
Completed Processing XDC Constraints

Netlist sorting complete. Time (s): cpu = 00:00:00 ; elapsed = 00:00:00.001 . Memory (MB): peak = 1358.070 ; gain = 0.000
INFO: [Project 1-111] Unisim Transformation Summary:
No Unisim elements were transformed.

Constraint Validation Runtime : Time (s): cpu = 00:00:00 ; elapsed = 00:00:00.146 . Memory (MB): peak = 1358.625 ; gain = 0.555
INFO: [Designutils 20-5008] Incremental synthesis strategy off
---------------------------------------------------------------------------------
Finished Constraint Validation : Time (s): cpu = 00:00:15 ; elapsed = 00:00:25 . Memory (MB): peak = 1358.625 ; gain = 75.859
---------------------------------------------------------------------------------
---------------------------------------------------------------------------------
Start Loading Part and Timing Information
---------------------------------------------------------------------------------
Loading part: xc7a100tfgg484-1
---------------------------------------------------------------------------------
Finished Loading Part and Timing Information : Time (s): cpu = 00:00:15 ; elapsed = 00:00:25 . Memory (MB): peak = 1358.625 ; gain = 75.859
---------------------------------------------------------------------------------
---------------------------------------------------------------------------------
Start Applying 'set_property' XDC Constraints
---------------------------------------------------------------------------------
---------------------------------------------------------------------------------
Finished applying 'set_property' XDC Constraints : Time (s): cpu = 00:00:15 ; elapsed = 00:00:25 . Memory (MB): peak = 1358.625 ; gain = 75.859
---------------------------------------------------------------------------------
INFO: [Synth 8-802] inferred FSM for state register 'Axi_AccessState_StaReg_reg' in module 'AdjustableClock'
---------------------------------------------------------------------------------------------------
                   State |                     New Encoding |                Previous Encoding 
---------------------------------------------------------------------------------------------------
                 idle_st |                               00 |                               00
                write_st |                               01 |                               10
                 read_st |                               10 |                               01
                 resp_st |                               11 |                               11
---------------------------------------------------------------------------------------------------
INFO: [Synth 8-3354] encoded FSM with state register 'Axi_AccessState_StaReg_reg' using encoding 'sequential' in module 'AdjustableClock'
---------------------------------------------------------------------------------
Finished RTL Optimization Phase 2 : Time (s): cpu = 00:00:17 ; elapsed = 00:00:27 . Memory (MB): peak = 1358.625 ; gain = 75.859
---------------------------------------------------------------------------------
---------------------------------------------------------------------------------
Start RTL Component Statistics 
---------------------------------------------------------------------------------
Detailed RTL Component Info : 
+---Adders : 
	   3 Input   64 Bit       Adders := 2     
	   3 Input   32 Bit       Adders := 10    
	   2 Input   32 Bit       Adders := 8     
	   2 Input    5 Bit       Adders := 1     
	   2 Input    2 Bit       Adders := 1     
+---Registers : 
	               64 Bit    Registers := 4     
	               32 Bit    Registers := 40    
	                5 Bit    Registers := 1     
	                4 Bit    Registers := 1     
	                2 Bit    Registers := 4     
	                1 Bit    Registers := 25    
+---Muxes : 
	   2 Input   64 Bit        Muxes := 6     
	   2 Input   32 Bit        Muxes := 82    
	   3 Input   32 Bit        Muxes := 2     
	   4 Input   32 Bit        Muxes := 5     
	   2 Input    5 Bit        Muxes := 3     
	   2 Input    4 Bit        Muxes := 3     
	   4 Input    2 Bit        Muxes := 2     
	   2 Input    2 Bit        Muxes := 9     
	   5 Input    2 Bit        Muxes := 1     
	  20 Input    2 Bit        Muxes := 2     
	   2 Input    1 Bit        Muxes := 83    
	  20 Input    1 Bit        Muxes := 1     
	   4 Input    1 Bit        Muxes := 25    
	   3 Input    1 Bit        Muxes := 1     
---------------------------------------------------------------------------------
Finished RTL Component Statistics 
---------------------------------------------------------------------------------
---------------------------------------------------------------------------------
Start Part Resource Summary
---------------------------------------------------------------------------------
Part Resources:
DSPs: 240 (col length:80)
BRAMs: 270 (col length: RAMB18 80 RAMB36 40)
---------------------------------------------------------------------------------
Finished Part Resource Summary
---------------------------------------------------------------------------------
---------------------------------------------------------------------------------
Start Cross Boundary and Area Optimization
---------------------------------------------------------------------------------
WARNING: [Synth 8-7080] Parallel synthesis criteria is not met
WARNING: [Synth 8-7129] Port AxiWriteAddrProt_DatIn[2] in module AdjustableClock is either unconnected or has no load
WARNING: [Synth 8-7129] Port AxiWriteAddrProt_DatIn[1] in module AdjustableClock is either unconnected or has no load
WARNING: [Synth 8-7129] Port AxiWriteAddrProt_DatIn[0] in module AdjustableClock is either unconnected or has no load
WARNING: [Synth 8-7129] Port AxiWriteDataStrobe_DatIn[3] in module AdjustableClock is either unconnected or has no load
WARNING: [Synth 8-7129] Port AxiWriteDataStrobe_DatIn[2] in module AdjustableClock is either unconnected or has no load
WARNING: [Synth 8-7129] Port AxiWriteDataStrobe_DatIn[1] in module AdjustableClock is either unconnected or has no load
WARNING: [Synth 8-7129] Port AxiWriteDataStrobe_DatIn[0] in module AdjustableClock is either unconnected or has no load
WARNING: [Synth 8-7129] Port AxiReadAddrProt_DatIn[2] in module AdjustableClock is either unconnected or has no load
WARNING: [Synth 8-7129] Port AxiReadAddrProt_DatIn[1] in module AdjustableClock is either unconnected or has no load
WARNING: [Synth 8-7129] Port AxiReadAddrProt_DatIn[0] in module AdjustableClock is either unconnected or has no load
---------------------------------------------------------------------------------
Finished Cross Boundary and Area Optimization : Time (s): cpu = 00:00:26 ; elapsed = 00:00:43 . Memory (MB): peak = 1358.625 ; gain = 75.859
---------------------------------------------------------------------------------
---------------------------------------------------------------------------------
Start Applying XDC Timing Constraints
---------------------------------------------------------------------------------
---------------------------------------------------------------------------------
Finished Applying XDC Timing Constraints : Time (s): cpu = 00:00:32 ; elapsed = 00:00:52 . Memory (MB): peak = 1358.625 ; gain = 75.859
---------------------------------------------------------------------------------
---------------------------------------------------------------------------------
Start Timing Optimization
---------------------------------------------------------------------------------
---------------------------------------------------------------------------------
Finished Timing Optimization : Time (s): cpu = 00:00:33 ; elapsed = 00:00:53 . Memory (MB): peak = 1358.625 ; gain = 75.859
---------------------------------------------------------------------------------
---------------------------------------------------------------------------------
Start Technology Mapping
---------------------------------------------------------------------------------
---------------------------------------------------------------------------------
Finished Technology Mapping : Time (s): cpu = 00:00:33 ; elapsed = 00:00:55 . Memory (MB): peak = 1358.625 ; gain = 75.859
---------------------------------------------------------------------------------
---------------------------------------------------------------------------------
Start IO Insertion
---------------------------------------------------------------------------------
---------------------------------------------------------------------------------
Start Flattening Before IO Insertion
---------------------------------------------------------------------------------
---------------------------------------------------------------------------------
Finished Flattening Before IO Insertion
---------------------------------------------------------------------------------
---------------------------------------------------------------------------------
Start Final Netlist Cleanup
---------------------------------------------------------------------------------
---------------------------------------------------------------------------------
Finished Final Netlist Cleanup
---------------------------------------------------------------------------------
---------------------------------------------------------------------------------
Finished IO Insertion : Time (s): cpu = 00:00:38 ; elapsed = 00:01:02 . Memory (MB): peak = 1358.625 ; gain = 75.859
---------------------------------------------------------------------------------
---------------------------------------------------------------------------------
Start Renaming Generated Instances
---------------------------------------------------------------------------------
---------------------------------------------------------------------------------
Finished Renaming Generated Instances : Time (s): cpu = 00:00:38 ; elapsed = 00:01:02 . Memory (MB): peak = 1358.625 ; gain = 75.859
---------------------------------------------------------------------------------
---------------------------------------------------------------------------------
Start Rebuilding User Hierarchy
---------------------------------------------------------------------------------
---------------------------------------------------------------------------------
Finished Rebuilding User Hierarchy : Time (s): cpu = 00:00:38 ; elapsed = 00:01:03 . Memory (MB): peak = 1358.625 ; gain = 75.859
---------------------------------------------------------------------------------
---------------------------------------------------------------------------------
Start Renaming Generated Ports
---------------------------------------------------------------------------------
---------------------------------------------------------------------------------
Finished Renaming Generated Ports : Time (s): cpu = 00:00:38 ; elapsed = 00:01:03 . Memory (MB): peak = 1358.625 ; gain = 75.859
---------------------------------------------------------------------------------
---------------------------------------------------------------------------------
Start Handling Custom Attributes
---------------------------------------------------------------------------------
---------------------------------------------------------------------------------
Finished Handling Custom Attributes : Time (s): cpu = 00:00:38 ; elapsed = 00:01:03 . Memory (MB): peak = 1358.625 ; gain = 75.859
---------------------------------------------------------------------------------
---------------------------------------------------------------------------------
Start Renaming Generated Nets
---------------------------------------------------------------------------------
---------------------------------------------------------------------------------
Finished Renaming Generated Nets : Time (s): cpu = 00:00:38 ; elapsed = 00:01:03 . Memory (MB): peak = 1358.625 ; gain = 75.859
---------------------------------------------------------------------------------
---------------------------------------------------------------------------------
Start Writing Synthesis Report
---------------------------------------------------------------------------------

Report BlackBoxes: 
+-+--------------+----------+
| |BlackBox name |Instances |
+-+--------------+----------+
+-+--------------+----------+

Report Cell Usage: 
+------+-------+------+
|      |Cell   |Count |
+------+-------+------+
|1     |CARRY4 |   228|
|2     |LUT1   |   194|
|3     |LUT2   |   776|
|4     |LUT3   |   325|
|5     |LUT4   |   668|
|6     |LUT5   |   292|
|7     |LUT6   |  1114|
|8     |MUXF7  |    33|
|9     |MUXF8  |     1|
|10    |FDCE   |  1382|
|11    |FDPE   |    38|
+------+-------+------+
---------------------------------------------------------------------------------
Finished Writing Synthesis Report : Time (s): cpu = 00:00:38 ; elapsed = 00:01:03 . Memory (MB): peak = 1358.625 ; gain = 75.859
---------------------------------------------------------------------------------
Synthesis finished with 0 errors, 0 critical warnings and 11 warnings.
Synthesis Optimization Runtime : Time (s): cpu = 00:00:28 ; elapsed = 00:00:59 . Memory (MB): peak = 1358.625 ; gain = 0.000
Synthesis Optimization Complete : Time (s): cpu = 00:00:38 ; elapsed = 00:01:03 . Memory (MB): peak = 1358.625 ; gain = 75.859
INFO: [Project 1-571] Translating synthesized netlist
Netlist sorting complete. Time (s): cpu = 00:00:00 ; elapsed = 00:00:00.119 . Memory (MB): peak = 1358.625 ; gain = 0.000
INFO: [Netlist 29-17] Analyzing 262 Unisim elements for replacement
INFO: [Netlist 29-28] Unisim Transformation completed in 0 CPU seconds
WARNING: [Netlist 29-101] Netlist 'TimeCard_TC_AdjustableClock_0_0' is not ideal for floorplanning, since the cellview 'AdjustableClock' contains a large number of primitives.  Please consider enabling hierarchy in synthesis if you want to do floorplanning.
INFO: [Project 1-570] Preparing netlist for logic optimization
INFO: [Opt 31-138] Pushed 0 inverter(s) to 0 load pin(s).
Netlist sorting complete. Time (s): cpu = 00:00:00 ; elapsed = 00:00:00.002 . Memory (MB): peak = 1358.625 ; gain = 0.000
INFO: [Project 1-111] Unisim Transformation Summary:
No Unisim elements were transformed.

Synth Design complete, checksum: d51635a9
INFO: [Common 17-83] Releasing license: Synthesis
26 Infos, 25 Warnings, 0 Critical Warnings and 0 Errors encountered.
synth_design completed successfully
synth_design: Time (s): cpu = 00:00:42 ; elapsed = 00:01:11 . Memory (MB): peak = 1358.625 ; gain = 75.859
INFO: [Common 17-1381] The checkpoint 'C:/Users/SHIWA/Documents/GitHub/QuantumFPGA/Implementation/Xilinx/TimeCard_Production/TimeCard/TimeCard.runs/TimeCard_TC_AdjustableClock_0_0_synth_1/TimeCard_TC_AdjustableClock_0_0.dcp' has been generated.
INFO: [Coretcl 2-1648] Added synthesis output to IP cache for IP TimeCard_TC_AdjustableClock_0_0, cache-ID = ee2cae9d116abf68
INFO: [Common 17-1381] The checkpoint 'C:/Users/SHIWA/Documents/GitHub/QuantumFPGA/Implementation/Xilinx/TimeCard_Production/TimeCard/TimeCard.runs/TimeCard_TC_AdjustableClock_0_0_synth_1/TimeCard_TC_AdjustableClock_0_0.dcp' has been generated.
INFO: [runtcl-4] Executing : report_utilization -file TimeCard_TC_AdjustableClock_0_0_utilization_synth.rpt -pb TimeCard_TC_AdjustableClock_0_0_utilization_synth.pb
INFO: [Common 17-206] Exiting Vivado at Sat Sep 27 19:59:38 2025...
