
*** Running vivado
    with args -log TimeCard_TC_FrequencyCounter_4_0.vds -m64 -product Vivado -mode batch -messageDb vivado.pb -notrace -source TimeCard_TC_FrequencyCounter_4_0.tcl



****** Vivado v2022.1 (64-bit)
  **** SW Build 3526262 on Mon Apr 18 15:48:16 MDT 2022
  **** IP Build 3524634 on Mon Apr 18 20:55:01 MDT 2022
    ** Copyright 1986-2022 Xilinx, Inc. All Rights Reserved.

source TimeCard_TC_FrequencyCounter_4_0.tcl -notrace
create_project: Time (s): cpu = 00:00:04 ; elapsed = 00:00:06 . Memory (MB): peak = 1281.816 ; gain = 6.793
INFO: [IP_Flow 19-234] Refreshing IP repositories
INFO: [IP_Flow 19-1700] Loaded user IP repository 'c:/Users/SHIWA/Documents/GitHub/QuantumFPGA'.
WARNING: [IP_Flow 19-3656] If you move the project, the path for repository 'c:/Users/SHIWA/Documents/GitHub/QuantumFPGA' may become invalid. A better location for the repository would be in a path adjacent to the project. (Current project location is 'c:/Users/SHIWA/Documents/GitHub/QuantumFPGA/Implementation/Xilinx/TimeCard_Production/TimeCard/TimeCard.runs/TimeCard_TC_FrequencyCounter_4_0_synth_1'.)
INFO: [IP_Flow 19-2313] Loaded Vivado IP repository 'C:/Xilinx/Vivado/2022.1/data/ip'.
WARNING: [IP_Flow 19-4995] The host OS only allows 260 characters in a normal path. The IP cache path is more than 80 characters. If you experience issues with IP caching, please consider changing the IP cache to a location with a shorter path. Alternately consider using the OS subst command to map part of the path to a drive letter. 
Current IP cache path is c:/Users/SHIWA/Documents/GitHub/QuantumFPGA/Implementation/Xilinx/TimeCard_Production/TimeCard/TimeCard.cache/ip 
Command: synth_design -top TimeCard_TC_FrequencyCounter_4_0 -part xc7a100tfgg484-1 -incremental_mode off -mode out_of_context
Starting synth_design
Attempting to get a license for feature 'Synthesis' and/or device 'xc7a100t'
INFO: [Common 17-349] Got license for feature 'Synthesis' and/or device 'xc7a100t'
INFO: [Device 21-403] Loading part xc7a100tfgg484-1
INFO: [Synth 8-7079] Multithreading enabled for synth_design using a maximum of 2 processes.
INFO: [Synth 8-7078] Launching helper process for spawning children vivado processes
INFO: [Synth 8-7075] Helper process launched with PID 15420
WARNING: [Synth 8-9501] generate block is allowed only inside loop and conditional generate in SystemVerilog mode [C:/Xilinx/Vivado/2022.1/data/ip/xpm/xpm_fifo/hdl/xpm_fifo.sv:4023]
---------------------------------------------------------------------------------
Starting RTL Elaboration : Time (s): cpu = 00:00:05 ; elapsed = 00:00:08 . Memory (MB): peak = 1281.816 ; gain = 0.000
---------------------------------------------------------------------------------
INFO: [Synth 8-638] synthesizing module 'TimeCard_TC_FrequencyCounter_4_0' [c:/Users/SHIWA/Documents/GitHub/QuantumFPGA/Implementation/Xilinx/TimeCard_Production/TimeCard/TimeCard.gen/sources_1/bd/TimeCard/ip/TimeCard_TC_FrequencyCounter_4_0/synth/TimeCard_TC_FrequencyCounter_4_0.vhd:90]
	Parameter Sim_Gen bound to: 0 - type: bool 
	Parameter OutputPolarity_Gen bound to: 1 - type: bool 
INFO: [Synth 8-3491] module 'FrequencyCounter' declared at 'c:/Users/SHIWA/Documents/GitHub/QuantumFPGA/Implementation/Xilinx/TimeCard_Production/TimeCard/TimeCard.gen/sources_1/bd/TimeCard/ipshared/FrequencyCounter.vhd:32' bound to instance 'U0' of component 'FrequencyCounter' [c:/Users/SHIWA/Documents/GitHub/QuantumFPGA/Implementation/Xilinx/TimeCard_Production/TimeCard/TimeCard.gen/sources_1/bd/TimeCard/ip/TimeCard_TC_FrequencyCounter_4_0/synth/TimeCard_TC_FrequencyCounter_4_0.vhd:165]
INFO: [Synth 8-638] synthesizing module 'FrequencyCounter' [c:/Users/SHIWA/Documents/GitHub/QuantumFPGA/Implementation/Xilinx/TimeCard_Production/TimeCard/TimeCard.gen/sources_1/bd/TimeCard/ipshared/FrequencyCounter.vhd:82]
INFO: [Synth 8-226] default block is never used [c:/Users/SHIWA/Documents/GitHub/QuantumFPGA/Implementation/Xilinx/TimeCard_Production/TimeCard/TimeCard.gen/sources_1/bd/TimeCard/ipshared/FrequencyCounter.vhd:335]
INFO: [Synth 8-256] done synthesizing module 'FrequencyCounter' (0#1) [c:/Users/SHIWA/Documents/GitHub/QuantumFPGA/Implementation/Xilinx/TimeCard_Production/TimeCard/TimeCard.gen/sources_1/bd/TimeCard/ipshared/FrequencyCounter.vhd:82]
INFO: [Synth 8-256] done synthesizing module 'TimeCard_TC_FrequencyCounter_4_0' (0#1) [c:/Users/SHIWA/Documents/GitHub/QuantumFPGA/Implementation/Xilinx/TimeCard_Production/TimeCard/TimeCard.gen/sources_1/bd/TimeCard/ip/TimeCard_TC_FrequencyCounter_4_0/synth/TimeCard_TC_FrequencyCounter_4_0.vhd:90]
WARNING: [Synth 8-6014] Unused sequential element ClockTime_Nanosecond_DatReg_reg was removed.  [c:/Users/SHIWA/Documents/GitHub/QuantumFPGA/Implementation/Xilinx/TimeCard_Production/TimeCard/TimeCard.gen/sources_1/bd/TimeCard/ipshared/FrequencyCounter.vhd:210]
WARNING: [Synth 8-6014] Unused sequential element ClockTime_TimeJump_DatReg_reg was removed.  [c:/Users/SHIWA/Documents/GitHub/QuantumFPGA/Implementation/Xilinx/TimeCard_Production/TimeCard/TimeCard.gen/sources_1/bd/TimeCard/ipshared/FrequencyCounter.vhd:211]
WARNING: [Synth 8-6014] Unused sequential element ClockTime_ValReg_reg was removed.  [c:/Users/SHIWA/Documents/GitHub/QuantumFPGA/Implementation/Xilinx/TimeCard_Production/TimeCard/TimeCard.gen/sources_1/bd/TimeCard/ipshared/FrequencyCounter.vhd:212]
WARNING: [Synth 8-7129] Port ClockTime_Nanosecond_DatIn[31] in module FrequencyCounter is either unconnected or has no load
WARNING: [Synth 8-7129] Port ClockTime_Nanosecond_DatIn[30] in module FrequencyCounter is either unconnected or has no load
WARNING: [Synth 8-7129] Port ClockTime_Nanosecond_DatIn[29] in module FrequencyCounter is either unconnected or has no load
WARNING: [Synth 8-7129] Port ClockTime_Nanosecond_DatIn[28] in module FrequencyCounter is either unconnected or has no load
WARNING: [Synth 8-7129] Port ClockTime_Nanosecond_DatIn[27] in module FrequencyCounter is either unconnected or has no load
WARNING: [Synth 8-7129] Port ClockTime_Nanosecond_DatIn[26] in module FrequencyCounter is either unconnected or has no load
WARNING: [Synth 8-7129] Port ClockTime_Nanosecond_DatIn[25] in module FrequencyCounter is either unconnected or has no load
WARNING: [Synth 8-7129] Port ClockTime_Nanosecond_DatIn[24] in module FrequencyCounter is either unconnected or has no load
WARNING: [Synth 8-7129] Port ClockTime_Nanosecond_DatIn[23] in module FrequencyCounter is either unconnected or has no load
WARNING: [Synth 8-7129] Port ClockTime_Nanosecond_DatIn[22] in module FrequencyCounter is either unconnected or has no load
WARNING: [Synth 8-7129] Port ClockTime_Nanosecond_DatIn[21] in module FrequencyCounter is either unconnected or has no load
WARNING: [Synth 8-7129] Port ClockTime_Nanosecond_DatIn[20] in module FrequencyCounter is either unconnected or has no load
WARNING: [Synth 8-7129] Port ClockTime_Nanosecond_DatIn[19] in module FrequencyCounter is either unconnected or has no load
WARNING: [Synth 8-7129] Port ClockTime_Nanosecond_DatIn[18] in module FrequencyCounter is either unconnected or has no load
WARNING: [Synth 8-7129] Port ClockTime_Nanosecond_DatIn[17] in module FrequencyCounter is either unconnected or has no load
WARNING: [Synth 8-7129] Port ClockTime_Nanosecond_DatIn[16] in module FrequencyCounter is either unconnected or has no load
WARNING: [Synth 8-7129] Port ClockTime_Nanosecond_DatIn[15] in module FrequencyCounter is either unconnected or has no load
WARNING: [Synth 8-7129] Port ClockTime_Nanosecond_DatIn[14] in module FrequencyCounter is either unconnected or has no load
WARNING: [Synth 8-7129] Port ClockTime_Nanosecond_DatIn[13] in module FrequencyCounter is either unconnected or has no load
WARNING: [Synth 8-7129] Port ClockTime_Nanosecond_DatIn[12] in module FrequencyCounter is either unconnected or has no load
WARNING: [Synth 8-7129] Port ClockTime_Nanosecond_DatIn[11] in module FrequencyCounter is either unconnected or has no load
WARNING: [Synth 8-7129] Port ClockTime_Nanosecond_DatIn[10] in module FrequencyCounter is either unconnected or has no load
WARNING: [Synth 8-7129] Port ClockTime_Nanosecond_DatIn[9] in module FrequencyCounter is either unconnected or has no load
WARNING: [Synth 8-7129] Port ClockTime_Nanosecond_DatIn[8] in module FrequencyCounter is either unconnected or has no load
WARNING: [Synth 8-7129] Port ClockTime_Nanosecond_DatIn[7] in module FrequencyCounter is either unconnected or has no load
WARNING: [Synth 8-7129] Port ClockTime_Nanosecond_DatIn[6] in module FrequencyCounter is either unconnected or has no load
WARNING: [Synth 8-7129] Port ClockTime_Nanosecond_DatIn[5] in module FrequencyCounter is either unconnected or has no load
WARNING: [Synth 8-7129] Port ClockTime_Nanosecond_DatIn[4] in module FrequencyCounter is either unconnected or has no load
WARNING: [Synth 8-7129] Port ClockTime_Nanosecond_DatIn[3] in module FrequencyCounter is either unconnected or has no load
WARNING: [Synth 8-7129] Port ClockTime_Nanosecond_DatIn[2] in module FrequencyCounter is either unconnected or has no load
WARNING: [Synth 8-7129] Port ClockTime_Nanosecond_DatIn[1] in module FrequencyCounter is either unconnected or has no load
WARNING: [Synth 8-7129] Port ClockTime_Nanosecond_DatIn[0] in module FrequencyCounter is either unconnected or has no load
WARNING: [Synth 8-7129] Port AxiWriteAddrProt_DatIn[2] in module FrequencyCounter is either unconnected or has no load
WARNING: [Synth 8-7129] Port AxiWriteAddrProt_DatIn[1] in module FrequencyCounter is either unconnected or has no load
WARNING: [Synth 8-7129] Port AxiWriteAddrProt_DatIn[0] in module FrequencyCounter is either unconnected or has no load
WARNING: [Synth 8-7129] Port AxiWriteDataData_DatIn[31] in module FrequencyCounter is either unconnected or has no load
WARNING: [Synth 8-7129] Port AxiWriteDataData_DatIn[30] in module FrequencyCounter is either unconnected or has no load
WARNING: [Synth 8-7129] Port AxiWriteDataData_DatIn[29] in module FrequencyCounter is either unconnected or has no load
WARNING: [Synth 8-7129] Port AxiWriteDataData_DatIn[28] in module FrequencyCounter is either unconnected or has no load
WARNING: [Synth 8-7129] Port AxiWriteDataData_DatIn[27] in module FrequencyCounter is either unconnected or has no load
WARNING: [Synth 8-7129] Port AxiWriteDataData_DatIn[26] in module FrequencyCounter is either unconnected or has no load
WARNING: [Synth 8-7129] Port AxiWriteDataData_DatIn[25] in module FrequencyCounter is either unconnected or has no load
WARNING: [Synth 8-7129] Port AxiWriteDataData_DatIn[24] in module FrequencyCounter is either unconnected or has no load
WARNING: [Synth 8-7129] Port AxiWriteDataData_DatIn[23] in module FrequencyCounter is either unconnected or has no load
WARNING: [Synth 8-7129] Port AxiWriteDataData_DatIn[22] in module FrequencyCounter is either unconnected or has no load
WARNING: [Synth 8-7129] Port AxiWriteDataData_DatIn[21] in module FrequencyCounter is either unconnected or has no load
WARNING: [Synth 8-7129] Port AxiWriteDataData_DatIn[20] in module FrequencyCounter is either unconnected or has no load
WARNING: [Synth 8-7129] Port AxiWriteDataData_DatIn[19] in module FrequencyCounter is either unconnected or has no load
WARNING: [Synth 8-7129] Port AxiWriteDataData_DatIn[18] in module FrequencyCounter is either unconnected or has no load
WARNING: [Synth 8-7129] Port AxiWriteDataData_DatIn[17] in module FrequencyCounter is either unconnected or has no load
WARNING: [Synth 8-7129] Port AxiWriteDataData_DatIn[16] in module FrequencyCounter is either unconnected or has no load
WARNING: [Synth 8-7129] Port AxiWriteDataData_DatIn[7] in module FrequencyCounter is either unconnected or has no load
WARNING: [Synth 8-7129] Port AxiWriteDataData_DatIn[6] in module FrequencyCounter is either unconnected or has no load
WARNING: [Synth 8-7129] Port AxiWriteDataData_DatIn[5] in module FrequencyCounter is either unconnected or has no load
WARNING: [Synth 8-7129] Port AxiWriteDataData_DatIn[4] in module FrequencyCounter is either unconnected or has no load
WARNING: [Synth 8-7129] Port AxiWriteDataData_DatIn[3] in module FrequencyCounter is either unconnected or has no load
WARNING: [Synth 8-7129] Port AxiWriteDataData_DatIn[2] in module FrequencyCounter is either unconnected or has no load
WARNING: [Synth 8-7129] Port AxiWriteDataData_DatIn[1] in module FrequencyCounter is either unconnected or has no load
WARNING: [Synth 8-7129] Port AxiWriteDataStrobe_DatIn[3] in module FrequencyCounter is either unconnected or has no load
WARNING: [Synth 8-7129] Port AxiWriteDataStrobe_DatIn[2] in module FrequencyCounter is either unconnected or has no load
WARNING: [Synth 8-7129] Port AxiWriteDataStrobe_DatIn[1] in module FrequencyCounter is either unconnected or has no load
WARNING: [Synth 8-7129] Port AxiWriteDataStrobe_DatIn[0] in module FrequencyCounter is either unconnected or has no load
WARNING: [Synth 8-7129] Port AxiReadAddrProt_DatIn[2] in module FrequencyCounter is either unconnected or has no load
WARNING: [Synth 8-7129] Port AxiReadAddrProt_DatIn[1] in module FrequencyCounter is either unconnected or has no load
WARNING: [Synth 8-7129] Port AxiReadAddrProt_DatIn[0] in module FrequencyCounter is either unconnected or has no load
---------------------------------------------------------------------------------
Finished RTL Elaboration : Time (s): cpu = 00:00:07 ; elapsed = 00:00:12 . Memory (MB): peak = 1281.816 ; gain = 0.000
---------------------------------------------------------------------------------
---------------------------------------------------------------------------------
Start Handling Custom Attributes
---------------------------------------------------------------------------------
---------------------------------------------------------------------------------
Finished Handling Custom Attributes : Time (s): cpu = 00:00:07 ; elapsed = 00:00:12 . Memory (MB): peak = 1281.816 ; gain = 0.000
---------------------------------------------------------------------------------
---------------------------------------------------------------------------------
Finished RTL Optimization Phase 1 : Time (s): cpu = 00:00:07 ; elapsed = 00:00:12 . Memory (MB): peak = 1281.816 ; gain = 0.000
---------------------------------------------------------------------------------
Netlist sorting complete. Time (s): cpu = 00:00:00 ; elapsed = 00:00:00.036 . Memory (MB): peak = 1281.816 ; gain = 0.000
INFO: [Project 1-570] Preparing netlist for logic optimization

Processing XDC Constraints
Initializing timing engine
Completed Processing XDC Constraints

Netlist sorting complete. Time (s): cpu = 00:00:00 ; elapsed = 00:00:00.001 . Memory (MB): peak = 1303.039 ; gain = 0.000
INFO: [Project 1-111] Unisim Transformation Summary:
No Unisim elements were transformed.

Constraint Validation Runtime : Time (s): cpu = 00:00:00 ; elapsed = 00:00:00.048 . Memory (MB): peak = 1303.039 ; gain = 0.000
INFO: [Designutils 20-5008] Incremental synthesis strategy off
---------------------------------------------------------------------------------
Finished Constraint Validation : Time (s): cpu = 00:00:14 ; elapsed = 00:00:23 . Memory (MB): peak = 1303.039 ; gain = 21.223
---------------------------------------------------------------------------------
---------------------------------------------------------------------------------
Start Loading Part and Timing Information
---------------------------------------------------------------------------------
Loading part: xc7a100tfgg484-1
---------------------------------------------------------------------------------
Finished Loading Part and Timing Information : Time (s): cpu = 00:00:14 ; elapsed = 00:00:23 . Memory (MB): peak = 1303.039 ; gain = 21.223
---------------------------------------------------------------------------------
---------------------------------------------------------------------------------
Start Applying 'set_property' XDC Constraints
---------------------------------------------------------------------------------
---------------------------------------------------------------------------------
Finished applying 'set_property' XDC Constraints : Time (s): cpu = 00:00:14 ; elapsed = 00:00:23 . Memory (MB): peak = 1303.039 ; gain = 21.223
---------------------------------------------------------------------------------
INFO: [Synth 8-802] inferred FSM for state register 'Axi_AccessState_StaReg_reg' in module 'FrequencyCounter'
---------------------------------------------------------------------------------------------------
                   State |                     New Encoding |                Previous Encoding 
---------------------------------------------------------------------------------------------------
                 idle_st |                               00 |                               00
                write_st |                               01 |                               10
                 read_st |                               10 |                               01
                 resp_st |                               11 |                               11
---------------------------------------------------------------------------------------------------
INFO: [Synth 8-3354] encoded FSM with state register 'Axi_AccessState_StaReg_reg' using encoding 'sequential' in module 'FrequencyCounter'
---------------------------------------------------------------------------------
Finished RTL Optimization Phase 2 : Time (s): cpu = 00:00:14 ; elapsed = 00:00:24 . Memory (MB): peak = 1303.039 ; gain = 21.223
---------------------------------------------------------------------------------
---------------------------------------------------------------------------------
Start RTL Component Statistics 
---------------------------------------------------------------------------------
Detailed RTL Component Info : 
+---Adders : 
	   3 Input  128 Bit       Adders := 1     
	   2 Input   64 Bit       Adders := 1     
	   2 Input    8 Bit       Adders := 1     
	   2 Input    6 Bit       Adders := 1     
+---Registers : 
	              128 Bit    Registers := 2     
	               64 Bit    Registers := 3     
	               32 Bit    Registers := 6     
	                8 Bit    Registers := 3     
	                6 Bit    Registers := 1     
	                2 Bit    Registers := 2     
	                1 Bit    Registers := 12    
+---Muxes : 
	   2 Input  128 Bit        Muxes := 2     
	   2 Input   64 Bit        Muxes := 7     
	   2 Input   32 Bit        Muxes := 8     
	   4 Input   32 Bit        Muxes := 3     
	   3 Input   16 Bit        Muxes := 1     
	   2 Input    8 Bit        Muxes := 3     
	   2 Input    6 Bit        Muxes := 1     
	   4 Input    2 Bit        Muxes := 2     
	   2 Input    2 Bit        Muxes := 5     
	   5 Input    2 Bit        Muxes := 2     
	   2 Input    1 Bit        Muxes := 14    
	   5 Input    1 Bit        Muxes := 1     
	   4 Input    1 Bit        Muxes := 13    
	   3 Input    1 Bit        Muxes := 1     
---------------------------------------------------------------------------------
Finished RTL Component Statistics 
---------------------------------------------------------------------------------
---------------------------------------------------------------------------------
Start Part Resource Summary
---------------------------------------------------------------------------------
Part Resources:
DSPs: 240 (col length:80)
BRAMs: 270 (col length: RAMB18 80 RAMB36 40)
---------------------------------------------------------------------------------
Finished Part Resource Summary
---------------------------------------------------------------------------------
---------------------------------------------------------------------------------
Start Cross Boundary and Area Optimization
---------------------------------------------------------------------------------
WARNING: [Synth 8-7080] Parallel synthesis criteria is not met
WARNING: [Synth 8-7129] Port ClockTime_Nanosecond_DatIn[31] in module FrequencyCounter is either unconnected or has no load
WARNING: [Synth 8-7129] Port ClockTime_Nanosecond_DatIn[30] in module FrequencyCounter is either unconnected or has no load
WARNING: [Synth 8-7129] Port ClockTime_Nanosecond_DatIn[29] in module FrequencyCounter is either unconnected or has no load
WARNING: [Synth 8-7129] Port ClockTime_Nanosecond_DatIn[28] in module FrequencyCounter is either unconnected or has no load
WARNING: [Synth 8-7129] Port ClockTime_Nanosecond_DatIn[27] in module FrequencyCounter is either unconnected or has no load
WARNING: [Synth 8-7129] Port ClockTime_Nanosecond_DatIn[26] in module FrequencyCounter is either unconnected or has no load
WARNING: [Synth 8-7129] Port ClockTime_Nanosecond_DatIn[25] in module FrequencyCounter is either unconnected or has no load
WARNING: [Synth 8-7129] Port ClockTime_Nanosecond_DatIn[24] in module FrequencyCounter is either unconnected or has no load
WARNING: [Synth 8-7129] Port ClockTime_Nanosecond_DatIn[23] in module FrequencyCounter is either unconnected or has no load
WARNING: [Synth 8-7129] Port ClockTime_Nanosecond_DatIn[22] in module FrequencyCounter is either unconnected or has no load
WARNING: [Synth 8-7129] Port ClockTime_Nanosecond_DatIn[21] in module FrequencyCounter is either unconnected or has no load
WARNING: [Synth 8-7129] Port ClockTime_Nanosecond_DatIn[20] in module FrequencyCounter is either unconnected or has no load
WARNING: [Synth 8-7129] Port ClockTime_Nanosecond_DatIn[19] in module FrequencyCounter is either unconnected or has no load
WARNING: [Synth 8-7129] Port ClockTime_Nanosecond_DatIn[18] in module FrequencyCounter is either unconnected or has no load
WARNING: [Synth 8-7129] Port ClockTime_Nanosecond_DatIn[17] in module FrequencyCounter is either unconnected or has no load
WARNING: [Synth 8-7129] Port ClockTime_Nanosecond_DatIn[16] in module FrequencyCounter is either unconnected or has no load
WARNING: [Synth 8-7129] Port ClockTime_Nanosecond_DatIn[15] in module FrequencyCounter is either unconnected or has no load
WARNING: [Synth 8-7129] Port ClockTime_Nanosecond_DatIn[14] in module FrequencyCounter is either unconnected or has no load
WARNING: [Synth 8-7129] Port ClockTime_Nanosecond_DatIn[13] in module FrequencyCounter is either unconnected or has no load
WARNING: [Synth 8-7129] Port ClockTime_Nanosecond_DatIn[12] in module FrequencyCounter is either unconnected or has no load
WARNING: [Synth 8-7129] Port ClockTime_Nanosecond_DatIn[11] in module FrequencyCounter is either unconnected or has no load
WARNING: [Synth 8-7129] Port ClockTime_Nanosecond_DatIn[10] in module FrequencyCounter is either unconnected or has no load
WARNING: [Synth 8-7129] Port ClockTime_Nanosecond_DatIn[9] in module FrequencyCounter is either unconnected or has no load
WARNING: [Synth 8-7129] Port ClockTime_Nanosecond_DatIn[8] in module FrequencyCounter is either unconnected or has no load
WARNING: [Synth 8-7129] Port ClockTime_Nanosecond_DatIn[7] in module FrequencyCounter is either unconnected or has no load
WARNING: [Synth 8-7129] Port ClockTime_Nanosecond_DatIn[6] in module FrequencyCounter is either unconnected or has no load
WARNING: [Synth 8-7129] Port ClockTime_Nanosecond_DatIn[5] in module FrequencyCounter is either unconnected or has no load
WARNING: [Synth 8-7129] Port ClockTime_Nanosecond_DatIn[4] in module FrequencyCounter is either unconnected or has no load
WARNING: [Synth 8-7129] Port ClockTime_Nanosecond_DatIn[3] in module FrequencyCounter is either unconnected or has no load
WARNING: [Synth 8-7129] Port ClockTime_Nanosecond_DatIn[2] in module FrequencyCounter is either unconnected or has no load
WARNING: [Synth 8-7129] Port ClockTime_Nanosecond_DatIn[1] in module FrequencyCounter is either unconnected or has no load
WARNING: [Synth 8-7129] Port ClockTime_Nanosecond_DatIn[0] in module FrequencyCounter is either unconnected or has no load
WARNING: [Synth 8-7129] Port AxiWriteAddrProt_DatIn[2] in module FrequencyCounter is either unconnected or has no load
WARNING: [Synth 8-7129] Port AxiWriteAddrProt_DatIn[1] in module FrequencyCounter is either unconnected or has no load
WARNING: [Synth 8-7129] Port AxiWriteAddrProt_DatIn[0] in module FrequencyCounter is either unconnected or has no load
INFO: [Common 17-14] Message 'Synth 8-7129' appears 100 times and further instances of the messages will be disabled. Use the Tcl command set_msg_config to change the current settings.
---------------------------------------------------------------------------------
Finished Cross Boundary and Area Optimization : Time (s): cpu = 00:00:19 ; elapsed = 00:00:31 . Memory (MB): peak = 1303.039 ; gain = 21.223
---------------------------------------------------------------------------------
---------------------------------------------------------------------------------
Start Applying XDC Timing Constraints
---------------------------------------------------------------------------------
---------------------------------------------------------------------------------
Finished Applying XDC Timing Constraints : Time (s): cpu = 00:00:24 ; elapsed = 00:00:40 . Memory (MB): peak = 1303.039 ; gain = 21.223
---------------------------------------------------------------------------------
---------------------------------------------------------------------------------
Start Timing Optimization
---------------------------------------------------------------------------------
---------------------------------------------------------------------------------
Finished Timing Optimization : Time (s): cpu = 00:00:25 ; elapsed = 00:00:40 . Memory (MB): peak = 1303.039 ; gain = 21.223
---------------------------------------------------------------------------------
---------------------------------------------------------------------------------
Start Technology Mapping
---------------------------------------------------------------------------------
---------------------------------------------------------------------------------
Finished Technology Mapping : Time (s): cpu = 00:00:25 ; elapsed = 00:00:40 . Memory (MB): peak = 1303.039 ; gain = 21.223
---------------------------------------------------------------------------------
---------------------------------------------------------------------------------
Start IO Insertion
---------------------------------------------------------------------------------
---------------------------------------------------------------------------------
Start Flattening Before IO Insertion
---------------------------------------------------------------------------------
---------------------------------------------------------------------------------
Finished Flattening Before IO Insertion
---------------------------------------------------------------------------------
---------------------------------------------------------------------------------
Start Final Netlist Cleanup
---------------------------------------------------------------------------------
---------------------------------------------------------------------------------
Finished Final Netlist Cleanup
---------------------------------------------------------------------------------
---------------------------------------------------------------------------------
Finished IO Insertion : Time (s): cpu = 00:00:29 ; elapsed = 00:00:47 . Memory (MB): peak = 1303.039 ; gain = 21.223
---------------------------------------------------------------------------------
---------------------------------------------------------------------------------
Start Renaming Generated Instances
---------------------------------------------------------------------------------
---------------------------------------------------------------------------------
Finished Renaming Generated Instances : Time (s): cpu = 00:00:29 ; elapsed = 00:00:47 . Memory (MB): peak = 1303.039 ; gain = 21.223
---------------------------------------------------------------------------------
---------------------------------------------------------------------------------
Start Rebuilding User Hierarchy
---------------------------------------------------------------------------------
---------------------------------------------------------------------------------
Finished Rebuilding User Hierarchy : Time (s): cpu = 00:00:29 ; elapsed = 00:00:47 . Memory (MB): peak = 1303.039 ; gain = 21.223
---------------------------------------------------------------------------------
---------------------------------------------------------------------------------
Start Renaming Generated Ports
---------------------------------------------------------------------------------
---------------------------------------------------------------------------------
Finished Renaming Generated Ports : Time (s): cpu = 00:00:29 ; elapsed = 00:00:47 . Memory (MB): peak = 1303.039 ; gain = 21.223
---------------------------------------------------------------------------------
---------------------------------------------------------------------------------
Start Handling Custom Attributes
---------------------------------------------------------------------------------
---------------------------------------------------------------------------------
Finished Handling Custom Attributes : Time (s): cpu = 00:00:29 ; elapsed = 00:00:47 . Memory (MB): peak = 1303.039 ; gain = 21.223
---------------------------------------------------------------------------------
---------------------------------------------------------------------------------
Start Renaming Generated Nets
---------------------------------------------------------------------------------
---------------------------------------------------------------------------------
Finished Renaming Generated Nets : Time (s): cpu = 00:00:29 ; elapsed = 00:00:47 . Memory (MB): peak = 1303.039 ; gain = 21.223
---------------------------------------------------------------------------------
---------------------------------------------------------------------------------
Start Writing Synthesis Report
---------------------------------------------------------------------------------

Report BlackBoxes: 
+-+--------------+----------+
| |BlackBox name |Instances |
+-+--------------+----------+
+-+--------------+----------+

Report Cell Usage: 
+------+-------+------+
|      |Cell   |Count |
+------+-------+------+
|1     |CARRY4 |    59|
|2     |LUT1   |    57|
|3     |LUT2   |   197|
|4     |LUT3   |    96|
|5     |LUT4   |   132|
|6     |LUT5   |   144|
|7     |LUT6   |    35|
|8     |FDCE   |   464|
|9     |FDPE   |     2|
|10    |FDRE   |     3|
+------+-------+------+
---------------------------------------------------------------------------------
Finished Writing Synthesis Report : Time (s): cpu = 00:00:29 ; elapsed = 00:00:47 . Memory (MB): peak = 1303.039 ; gain = 21.223
---------------------------------------------------------------------------------
Synthesis finished with 0 errors, 0 critical warnings and 66 warnings.
Synthesis Optimization Runtime : Time (s): cpu = 00:00:21 ; elapsed = 00:00:44 . Memory (MB): peak = 1303.039 ; gain = 0.000
Synthesis Optimization Complete : Time (s): cpu = 00:00:29 ; elapsed = 00:00:47 . Memory (MB): peak = 1303.039 ; gain = 21.223
INFO: [Project 1-571] Translating synthesized netlist
Netlist sorting complete. Time (s): cpu = 00:00:00 ; elapsed = 00:00:00.019 . Memory (MB): peak = 1303.223 ; gain = 0.000
INFO: [Netlist 29-17] Analyzing 59 Unisim elements for replacement
INFO: [Netlist 29-28] Unisim Transformation completed in 0 CPU seconds
WARNING: [Netlist 29-101] Netlist 'TimeCard_TC_FrequencyCounter_4_0' is not ideal for floorplanning, since the cellview 'FrequencyCounter' contains a large number of primitives.  Please consider enabling hierarchy in synthesis if you want to do floorplanning.
INFO: [Project 1-570] Preparing netlist for logic optimization
INFO: [Opt 31-138] Pushed 0 inverter(s) to 0 load pin(s).
Netlist sorting complete. Time (s): cpu = 00:00:00 ; elapsed = 00:00:00.001 . Memory (MB): peak = 1307.871 ; gain = 0.000
INFO: [Project 1-111] Unisim Transformation Summary:
No Unisim elements were transformed.

Synth Design complete, checksum: 6d322815
INFO: [Common 17-83] Releasing license: Synthesis
27 Infos, 108 Warnings, 0 Critical Warnings and 0 Errors encountered.
synth_design completed successfully
synth_design: Time (s): cpu = 00:00:33 ; elapsed = 00:00:54 . Memory (MB): peak = 1307.871 ; gain = 26.055
INFO: [Common 17-1381] The checkpoint 'C:/Users/SHIWA/Documents/GitHub/QuantumFPGA/Implementation/Xilinx/TimeCard_Production/TimeCard/TimeCard.runs/TimeCard_TC_FrequencyCounter_4_0_synth_1/TimeCard_TC_FrequencyCounter_4_0.dcp' has been generated.
INFO: [Coretcl 2-1648] Added synthesis output to IP cache for IP TimeCard_TC_FrequencyCounter_4_0, cache-ID = d1b704f29b8b1725
INFO: [Common 17-1381] The checkpoint 'C:/Users/SHIWA/Documents/GitHub/QuantumFPGA/Implementation/Xilinx/TimeCard_Production/TimeCard/TimeCard.runs/TimeCard_TC_FrequencyCounter_4_0_synth_1/TimeCard_TC_FrequencyCounter_4_0.dcp' has been generated.
INFO: [runtcl-4] Executing : report_utilization -file TimeCard_TC_FrequencyCounter_4_0_utilization_synth.rpt -pb TimeCard_TC_FrequencyCounter_4_0_utilization_synth.pb
INFO: [Common 17-206] Exiting Vivado at Sat Sep 27 19:55:08 2025...
