
*** Running vivado
    with args -log TimeCard_clk_wiz_1_0.vds -m64 -product Vivado -mode batch -messageDb vivado.pb -notrace -source TimeCard_clk_wiz_1_0.tcl



****** Vivado v2022.1 (64-bit)
  **** SW Build 3526262 on Mon Apr 18 15:48:16 MDT 2022
  **** IP Build 3524634 on Mon Apr 18 20:55:01 MDT 2022
    ** Copyright 1986-2022 Xilinx, Inc. All Rights Reserved.

source TimeCard_clk_wiz_1_0.tcl -notrace
create_project: Time (s): cpu = 00:00:04 ; elapsed = 00:00:06 . Memory (MB): peak = 1282.875 ; gain = 8.520
INFO: [IP_Flow 19-234] Refreshing IP repositories
INFO: [IP_Flow 19-1700] Loaded user IP repository 'c:/Users/SHIWA/Documents/GitHub/QuantumFPGA'.
WARNING: [IP_Flow 19-3656] If you move the project, the path for repository 'c:/Users/SHIWA/Documents/GitHub/QuantumFPGA' may become invalid. A better location for the repository would be in a path adjacent to the project. (Current project location is 'c:/Users/SHIWA/Documents/GitHub/QuantumFPGA/Implementation/Xilinx/TimeCard_Production/TimeCard/TimeCard.runs/TimeCard_clk_wiz_1_0_synth_1'.)
INFO: [IP_Flow 19-2313] Loaded Vivado IP repository 'C:/Xilinx/Vivado/2022.1/data/ip'.
WARNING: [IP_Flow 19-4995] The host OS only allows 260 characters in a normal path. The IP cache path is more than 80 characters. If you experience issues with IP caching, please consider changing the IP cache to a location with a shorter path. Alternately consider using the OS subst command to map part of the path to a drive letter. 
Current IP cache path is c:/Users/SHIWA/Documents/GitHub/QuantumFPGA/Implementation/Xilinx/TimeCard_Production/TimeCard/TimeCard.cache/ip 
Command: synth_design -top TimeCard_clk_wiz_1_0 -part xc7a100tfgg484-1 -incremental_mode off -mode out_of_context
Starting synth_design
Attempting to get a license for feature 'Synthesis' and/or device 'xc7a100t'
INFO: [Common 17-349] Got license for feature 'Synthesis' and/or device 'xc7a100t'
INFO: [Device 21-403] Loading part xc7a100tfgg484-1
INFO: [Synth 8-7079] Multithreading enabled for synth_design using a maximum of 2 processes.
INFO: [Synth 8-7078] Launching helper process for spawning children vivado processes
INFO: [Synth 8-7075] Helper process launched with PID 21192
WARNING: [Synth 8-9501] generate block is allowed only inside loop and conditional generate in SystemVerilog mode [C:/Xilinx/Vivado/2022.1/data/ip/xpm/xpm_fifo/hdl/xpm_fifo.sv:4023]
---------------------------------------------------------------------------------
Starting RTL Elaboration : Time (s): cpu = 00:00:06 ; elapsed = 00:00:08 . Memory (MB): peak = 1282.875 ; gain = 0.000
---------------------------------------------------------------------------------
INFO: [Synth 8-6157] synthesizing module 'TimeCard_clk_wiz_1_0' [c:/Users/SHIWA/Documents/GitHub/QuantumFPGA/Implementation/Xilinx/TimeCard_Production/TimeCard/TimeCard.gen/sources_1/bd/TimeCard/ip/TimeCard_clk_wiz_1_0/TimeCard_clk_wiz_1_0.v:68]
INFO: [Synth 8-6157] synthesizing module 'TimeCard_clk_wiz_1_0_clk_wiz' [c:/Users/SHIWA/Documents/GitHub/QuantumFPGA/Implementation/Xilinx/TimeCard_Production/TimeCard/TimeCard.gen/sources_1/bd/TimeCard/ip/TimeCard_clk_wiz_1_0/TimeCard_clk_wiz_1_0_clk_wiz.v:68]
INFO: [Synth 8-6157] synthesizing module 'MMCME2_ADV' [C:/Xilinx/Vivado/2022.1/scripts/rt/data/unisim_comp.v:63509]
	Parameter BANDWIDTH bound to: OPTIMIZED - type: string 
	Parameter CLKFBOUT_MULT_F bound to: 62.500000 - type: double 
	Parameter CLKFBOUT_PHASE bound to: 0.000000 - type: double 
	Parameter CLKFBOUT_USE_FINE_PS bound to: FALSE - type: string 
	Parameter CLKIN1_PERIOD bound to: 100.000000 - type: double 
	Parameter CLKOUT0_DIVIDE_F bound to: 3.125000 - type: double 
	Parameter CLKOUT0_DUTY_CYCLE bound to: 0.500000 - type: double 
	Parameter CLKOUT0_PHASE bound to: 0.000000 - type: double 
	Parameter CLKOUT0_USE_FINE_PS bound to: FALSE - type: string 
	Parameter CLKOUT4_CASCADE bound to: FALSE - type: string 
	Parameter COMPENSATION bound to: ZHOLD - type: string 
	Parameter DIVCLK_DIVIDE bound to: 1 - type: integer 
	Parameter STARTUP_WAIT bound to: FALSE - type: string 
INFO: [Synth 8-6155] done synthesizing module 'MMCME2_ADV' (0#1) [C:/Xilinx/Vivado/2022.1/scripts/rt/data/unisim_comp.v:63509]
INFO: [Synth 8-6157] synthesizing module 'BUFG' [C:/Xilinx/Vivado/2022.1/scripts/rt/data/unisim_comp.v:1082]
INFO: [Synth 8-6155] done synthesizing module 'BUFG' (0#1) [C:/Xilinx/Vivado/2022.1/scripts/rt/data/unisim_comp.v:1082]
INFO: [Synth 8-6155] done synthesizing module 'TimeCard_clk_wiz_1_0_clk_wiz' (0#1) [c:/Users/SHIWA/Documents/GitHub/QuantumFPGA/Implementation/Xilinx/TimeCard_Production/TimeCard/TimeCard.gen/sources_1/bd/TimeCard/ip/TimeCard_clk_wiz_1_0/TimeCard_clk_wiz_1_0_clk_wiz.v:68]
INFO: [Synth 8-6155] done synthesizing module 'TimeCard_clk_wiz_1_0' (0#1) [c:/Users/SHIWA/Documents/GitHub/QuantumFPGA/Implementation/Xilinx/TimeCard_Production/TimeCard/TimeCard.gen/sources_1/bd/TimeCard/ip/TimeCard_clk_wiz_1_0/TimeCard_clk_wiz_1_0.v:68]
---------------------------------------------------------------------------------
Finished RTL Elaboration : Time (s): cpu = 00:00:07 ; elapsed = 00:00:11 . Memory (MB): peak = 1282.875 ; gain = 0.000
---------------------------------------------------------------------------------
---------------------------------------------------------------------------------
Start Handling Custom Attributes
---------------------------------------------------------------------------------
---------------------------------------------------------------------------------
Finished Handling Custom Attributes : Time (s): cpu = 00:00:07 ; elapsed = 00:00:11 . Memory (MB): peak = 1282.875 ; gain = 0.000
---------------------------------------------------------------------------------
---------------------------------------------------------------------------------
Finished RTL Optimization Phase 1 : Time (s): cpu = 00:00:07 ; elapsed = 00:00:11 . Memory (MB): peak = 1282.875 ; gain = 0.000
---------------------------------------------------------------------------------
Netlist sorting complete. Time (s): cpu = 00:00:00 ; elapsed = 00:00:00 . Memory (MB): peak = 1282.875 ; gain = 0.000
INFO: [Netlist 29-17] Analyzing 1 Unisim elements for replacement
INFO: [Netlist 29-28] Unisim Transformation completed in 0 CPU seconds
INFO: [Project 1-570] Preparing netlist for logic optimization

Processing XDC Constraints
Initializing timing engine
Parsing XDC File [c:/Users/SHIWA/Documents/GitHub/QuantumFPGA/Implementation/Xilinx/TimeCard_Production/TimeCard/TimeCard.gen/sources_1/bd/TimeCard/ip/TimeCard_clk_wiz_1_0/TimeCard_clk_wiz_1_0_ooc.xdc] for cell 'inst'
Finished Parsing XDC File [c:/Users/SHIWA/Documents/GitHub/QuantumFPGA/Implementation/Xilinx/TimeCard_Production/TimeCard/TimeCard.gen/sources_1/bd/TimeCard/ip/TimeCard_clk_wiz_1_0/TimeCard_clk_wiz_1_0_ooc.xdc] for cell 'inst'
Parsing XDC File [c:/Users/SHIWA/Documents/GitHub/QuantumFPGA/Implementation/Xilinx/TimeCard_Production/TimeCard/TimeCard.gen/sources_1/bd/TimeCard/ip/TimeCard_clk_wiz_1_0/TimeCard_clk_wiz_1_0_board.xdc] for cell 'inst'
Finished Parsing XDC File [c:/Users/SHIWA/Documents/GitHub/QuantumFPGA/Implementation/Xilinx/TimeCard_Production/TimeCard/TimeCard.gen/sources_1/bd/TimeCard/ip/TimeCard_clk_wiz_1_0/TimeCard_clk_wiz_1_0_board.xdc] for cell 'inst'
Parsing XDC File [c:/Users/SHIWA/Documents/GitHub/QuantumFPGA/Implementation/Xilinx/TimeCard_Production/TimeCard/TimeCard.gen/sources_1/bd/TimeCard/ip/TimeCard_clk_wiz_1_0/TimeCard_clk_wiz_1_0.xdc] for cell 'inst'
Finished Parsing XDC File [c:/Users/SHIWA/Documents/GitHub/QuantumFPGA/Implementation/Xilinx/TimeCard_Production/TimeCard/TimeCard.gen/sources_1/bd/TimeCard/ip/TimeCard_clk_wiz_1_0/TimeCard_clk_wiz_1_0.xdc] for cell 'inst'
Parsing XDC File [C:/Users/SHIWA/Documents/GitHub/QuantumFPGA/Implementation/Xilinx/TimeCard_Production/TimeCard/TimeCard.runs/TimeCard_clk_wiz_1_0_synth_1/dont_touch.xdc]
Finished Parsing XDC File [C:/Users/SHIWA/Documents/GitHub/QuantumFPGA/Implementation/Xilinx/TimeCard_Production/TimeCard/TimeCard.runs/TimeCard_clk_wiz_1_0_synth_1/dont_touch.xdc]
Parsing XDC File [c:/Users/SHIWA/Documents/GitHub/QuantumFPGA/Implementation/Xilinx/TimeCard_Production/TimeCard/TimeCard.gen/sources_1/bd/TimeCard/ip/TimeCard_clk_wiz_1_0/TimeCard_clk_wiz_1_0_late.xdc] for cell 'inst'
Finished Parsing XDC File [c:/Users/SHIWA/Documents/GitHub/QuantumFPGA/Implementation/Xilinx/TimeCard_Production/TimeCard/TimeCard.gen/sources_1/bd/TimeCard/ip/TimeCard_clk_wiz_1_0/TimeCard_clk_wiz_1_0_late.xdc] for cell 'inst'
Completed Processing XDC Constraints

Netlist sorting complete. Time (s): cpu = 00:00:00 ; elapsed = 00:00:00 . Memory (MB): peak = 1282.875 ; gain = 0.000
INFO: [Project 1-111] Unisim Transformation Summary:
No Unisim elements were transformed.

INFO: [Timing 38-2] Deriving generated clocks
Constraint Validation Runtime : Time (s): cpu = 00:00:00 ; elapsed = 00:00:00.035 . Memory (MB): peak = 1282.875 ; gain = 0.000
INFO: [Designutils 20-5008] Incremental synthesis strategy off
---------------------------------------------------------------------------------
Finished Constraint Validation : Time (s): cpu = 00:00:14 ; elapsed = 00:00:22 . Memory (MB): peak = 1282.875 ; gain = 0.000
---------------------------------------------------------------------------------
---------------------------------------------------------------------------------
Start Loading Part and Timing Information
---------------------------------------------------------------------------------
Loading part: xc7a100tfgg484-1
---------------------------------------------------------------------------------
Finished Loading Part and Timing Information : Time (s): cpu = 00:00:14 ; elapsed = 00:00:22 . Memory (MB): peak = 1282.875 ; gain = 0.000
---------------------------------------------------------------------------------
---------------------------------------------------------------------------------
Start Applying 'set_property' XDC Constraints
---------------------------------------------------------------------------------
Applied set_property KEEP_HIERARCHY = SOFT for inst. (constraint file  C:/Users/SHIWA/Documents/GitHub/QuantumFPGA/Implementation/Xilinx/TimeCard_Production/TimeCard/TimeCard.runs/TimeCard_clk_wiz_1_0_synth_1/dont_touch.xdc, line 9).
---------------------------------------------------------------------------------
Finished applying 'set_property' XDC Constraints : Time (s): cpu = 00:00:14 ; elapsed = 00:00:22 . Memory (MB): peak = 1282.875 ; gain = 0.000
---------------------------------------------------------------------------------
---------------------------------------------------------------------------------
Finished RTL Optimization Phase 2 : Time (s): cpu = 00:00:14 ; elapsed = 00:00:22 . Memory (MB): peak = 1282.875 ; gain = 0.000
---------------------------------------------------------------------------------
---------------------------------------------------------------------------------
Start RTL Component Statistics 
---------------------------------------------------------------------------------
Detailed RTL Component Info : 
---------------------------------------------------------------------------------
Finished RTL Component Statistics 
---------------------------------------------------------------------------------
---------------------------------------------------------------------------------
Start Part Resource Summary
---------------------------------------------------------------------------------
Part Resources:
DSPs: 240 (col length:80)
BRAMs: 270 (col length: RAMB18 80 RAMB36 40)
---------------------------------------------------------------------------------
Finished Part Resource Summary
---------------------------------------------------------------------------------
---------------------------------------------------------------------------------
Start Cross Boundary and Area Optimization
---------------------------------------------------------------------------------
WARNING: [Synth 8-7080] Parallel synthesis criteria is not met
---------------------------------------------------------------------------------
Finished Cross Boundary and Area Optimization : Time (s): cpu = 00:00:16 ; elapsed = 00:00:25 . Memory (MB): peak = 1282.875 ; gain = 0.000
---------------------------------------------------------------------------------
---------------------------------------------------------------------------------
Start Applying XDC Timing Constraints
---------------------------------------------------------------------------------
---------------------------------------------------------------------------------
Finished Applying XDC Timing Constraints : Time (s): cpu = 00:00:23 ; elapsed = 00:00:34 . Memory (MB): peak = 1282.875 ; gain = 0.000
---------------------------------------------------------------------------------
---------------------------------------------------------------------------------
Start Timing Optimization
---------------------------------------------------------------------------------
---------------------------------------------------------------------------------
Finished Timing Optimization : Time (s): cpu = 00:00:23 ; elapsed = 00:00:34 . Memory (MB): peak = 1282.875 ; gain = 0.000
---------------------------------------------------------------------------------
---------------------------------------------------------------------------------
Start Technology Mapping
---------------------------------------------------------------------------------
---------------------------------------------------------------------------------
Finished Technology Mapping : Time (s): cpu = 00:00:23 ; elapsed = 00:00:34 . Memory (MB): peak = 1282.875 ; gain = 0.000
---------------------------------------------------------------------------------
---------------------------------------------------------------------------------
Start IO Insertion
---------------------------------------------------------------------------------
---------------------------------------------------------------------------------
Start Flattening Before IO Insertion
---------------------------------------------------------------------------------
---------------------------------------------------------------------------------
Finished Flattening Before IO Insertion
---------------------------------------------------------------------------------
---------------------------------------------------------------------------------
Start Final Netlist Cleanup
---------------------------------------------------------------------------------
---------------------------------------------------------------------------------
Finished Final Netlist Cleanup
---------------------------------------------------------------------------------
---------------------------------------------------------------------------------
Finished IO Insertion : Time (s): cpu = 00:00:27 ; elapsed = 00:00:41 . Memory (MB): peak = 1282.875 ; gain = 0.000
---------------------------------------------------------------------------------
---------------------------------------------------------------------------------
Start Renaming Generated Instances
---------------------------------------------------------------------------------
---------------------------------------------------------------------------------
Finished Renaming Generated Instances : Time (s): cpu = 00:00:27 ; elapsed = 00:00:41 . Memory (MB): peak = 1282.875 ; gain = 0.000
---------------------------------------------------------------------------------
---------------------------------------------------------------------------------
Start Rebuilding User Hierarchy
---------------------------------------------------------------------------------
---------------------------------------------------------------------------------
Finished Rebuilding User Hierarchy : Time (s): cpu = 00:00:27 ; elapsed = 00:00:41 . Memory (MB): peak = 1282.875 ; gain = 0.000
---------------------------------------------------------------------------------
---------------------------------------------------------------------------------
Start Renaming Generated Ports
---------------------------------------------------------------------------------
---------------------------------------------------------------------------------
Finished Renaming Generated Ports : Time (s): cpu = 00:00:27 ; elapsed = 00:00:41 . Memory (MB): peak = 1282.875 ; gain = 0.000
---------------------------------------------------------------------------------
---------------------------------------------------------------------------------
Start Handling Custom Attributes
---------------------------------------------------------------------------------
---------------------------------------------------------------------------------
Finished Handling Custom Attributes : Time (s): cpu = 00:00:27 ; elapsed = 00:00:41 . Memory (MB): peak = 1282.875 ; gain = 0.000
---------------------------------------------------------------------------------
---------------------------------------------------------------------------------
Start Renaming Generated Nets
---------------------------------------------------------------------------------
---------------------------------------------------------------------------------
Finished Renaming Generated Nets : Time (s): cpu = 00:00:27 ; elapsed = 00:00:41 . Memory (MB): peak = 1282.875 ; gain = 0.000
---------------------------------------------------------------------------------
---------------------------------------------------------------------------------
Start Writing Synthesis Report
---------------------------------------------------------------------------------

Report BlackBoxes: 
+-+--------------+----------+
| |BlackBox name |Instances |
+-+--------------+----------+
+-+--------------+----------+

Report Cell Usage: 
+------+-----------+------+
|      |Cell       |Count |
+------+-----------+------+
|1     |BUFG       |     2|
|2     |LUT1       |     1|
|3     |MMCME2_ADV |     1|
+------+-----------+------+
---------------------------------------------------------------------------------
Finished Writing Synthesis Report : Time (s): cpu = 00:00:27 ; elapsed = 00:00:41 . Memory (MB): peak = 1282.875 ; gain = 0.000
---------------------------------------------------------------------------------
Synthesis finished with 0 errors, 0 critical warnings and 1 warnings.
Synthesis Optimization Runtime : Time (s): cpu = 00:00:19 ; elapsed = 00:00:39 . Memory (MB): peak = 1282.875 ; gain = 0.000
Synthesis Optimization Complete : Time (s): cpu = 00:00:27 ; elapsed = 00:00:42 . Memory (MB): peak = 1282.875 ; gain = 0.000
INFO: [Project 1-571] Translating synthesized netlist
Netlist sorting complete. Time (s): cpu = 00:00:00 ; elapsed = 00:00:00 . Memory (MB): peak = 1282.875 ; gain = 0.000
INFO: [Netlist 29-17] Analyzing 1 Unisim elements for replacement
INFO: [Netlist 29-28] Unisim Transformation completed in 0 CPU seconds
INFO: [Project 1-570] Preparing netlist for logic optimization
INFO: [Opt 31-138] Pushed 0 inverter(s) to 0 load pin(s).
Netlist sorting complete. Time (s): cpu = 00:00:00 ; elapsed = 00:00:00 . Memory (MB): peak = 1291.297 ; gain = 0.000
INFO: [Project 1-111] Unisim Transformation Summary:
No Unisim elements were transformed.

Synth Design complete, checksum: 2023fa91
INFO: [Common 17-83] Releasing license: Synthesis
29 Infos, 4 Warnings, 0 Critical Warnings and 0 Errors encountered.
synth_design completed successfully
synth_design: Time (s): cpu = 00:00:30 ; elapsed = 00:00:48 . Memory (MB): peak = 1291.297 ; gain = 8.422
INFO: [Common 17-1381] The checkpoint 'C:/Users/SHIWA/Documents/GitHub/QuantumFPGA/Implementation/Xilinx/TimeCard_Production/TimeCard/TimeCard.runs/TimeCard_clk_wiz_1_0_synth_1/TimeCard_clk_wiz_1_0.dcp' has been generated.
INFO: [Coretcl 2-1648] Added synthesis output to IP cache for IP TimeCard_clk_wiz_1_0, cache-ID = 775ae0bb839b1c28
INFO: [Common 17-1381] The checkpoint 'C:/Users/SHIWA/Documents/GitHub/QuantumFPGA/Implementation/Xilinx/TimeCard_Production/TimeCard/TimeCard.runs/TimeCard_clk_wiz_1_0_synth_1/TimeCard_clk_wiz_1_0.dcp' has been generated.
INFO: [runtcl-4] Executing : report_utilization -file TimeCard_clk_wiz_1_0_utilization_synth.rpt -pb TimeCard_clk_wiz_1_0_utilization_synth.pb
INFO: [Common 17-206] Exiting Vivado at Sat Sep 27 20:00:53 2025...
